[2017-01-16 16:24:48] /shop/index.php?act=goods&op=index&goods_id=104651 ( act=goods&op=index ) 
ERR: Db Error: Table 'gt.az_web_channel' doesn't exist
SELECT * FROM `az_web_channel` WHERE ( channel_show = '1' ) ORDER BY convert(channel_name using gbk) asc,channel_id desc LIMIT 1000  
[2017-01-16 16:24:49] /shop/index.php?act=show_store&op=ajax_flowstat_record&store_id=7&goods_id=104651&act_param=goods&op_param=index ( act=show_store&op=ajax_flowstat_record ) 
ERR: Db Error: Table 'gt.az_web_channel' doesn't exist
SELECT * FROM `az_web_channel` WHERE ( channel_show = '1' ) ORDER BY convert(channel_name using gbk) asc,channel_id desc LIMIT 1000  
[2017-01-16 16:24:50] /shop/index.js.map ( act=index&op=index ) 
ERR: Db Error: Table 'gt.az_web_channel' doesn't exist
SELECT * FROM `az_web_channel` WHERE ( channel_show = '1' ) ORDER BY convert(channel_name using gbk) asc,channel_id desc LIMIT 1000  
[2017-01-16 16:24:50] /shop/index.php?act=goods&op=addbrowse&gid=104651 ( act=goods&op=addbrowse ) 
ERR: Db Error: Table 'gt.az_web_channel' doesn't exist
SELECT * FROM `az_web_channel` WHERE ( channel_show = '1' ) ORDER BY convert(channel_name using gbk) asc,channel_id desc LIMIT 1000  
[2017-01-16 16:24:50] /shop/index.php?act=compare&op=checkcompare ( act=compare&op=checkcompare ) 
ERR: Db Error: Table 'gt.az_web_channel' doesn't exist
SELECT * FROM `az_web_channel` WHERE ( channel_show = '1' ) ORDER BY convert(channel_name using gbk) asc,channel_id desc LIMIT 1000  
[2017-01-16 16:36:59] /shop/index.php?act=goods&op=index&goods_id=104651 ( act=goods&op=index ) 
ERR: Db Error: Table 'gt.az_web_channel' doesn't exist
SELECT * FROM `az_web_channel` WHERE ( channel_show = '1' ) ORDER BY convert(channel_name using gbk) asc,channel_id desc LIMIT 1000  
[2017-01-16 16:37:00] /shop/index.php?act=show_store&op=ajax_flowstat_record&store_id=7&goods_id=104651&act_param=goods&op_param=index ( act=show_store&op=ajax_flowstat_record ) 
ERR: Db Error: Table 'gt.az_web_channel' doesn't exist
SELECT * FROM `az_web_channel` WHERE ( channel_show = '1' ) ORDER BY convert(channel_name using gbk) asc,channel_id desc LIMIT 1000  
[2017-01-16 16:37:00] /shop/index.php?act=goods&op=addbrowse&gid=104651 ( act=goods&op=addbrowse ) 
ERR: Db Error: Table 'gt.az_web_channel' doesn't exist
SELECT * FROM `az_web_channel` WHERE ( channel_show = '1' ) ORDER BY convert(channel_name using gbk) asc,channel_id desc LIMIT 1000  
[2017-01-16 16:37:00] /shop/index.js.map ( act=index&op=index ) 
ERR: Db Error: Table 'gt.az_web_channel' doesn't exist
SELECT * FROM `az_web_channel` WHERE ( channel_show = '1' ) ORDER BY convert(channel_name using gbk) asc,channel_id desc LIMIT 1000  
[2017-01-16 16:37:01] /shop/index.php?act=compare&op=checkcompare ( act=compare&op=checkcompare ) 
ERR: Db Error: Table 'gt.az_web_channel' doesn't exist
SELECT * FROM `az_web_channel` WHERE ( channel_show = '1' ) ORDER BY convert(channel_name using gbk) asc,channel_id desc LIMIT 1000  
[2017-01-16 16:40:50] /shop/index.php?act=goods&op=index&goods_id=104651 ( act=goods&op=index ) 
ERR: Db Error: Table 'gt.az_web_channel' doesn't exist
SELECT * FROM `az_web_channel` WHERE ( channel_show = '1' ) ORDER BY convert(channel_name using gbk) asc,channel_id desc LIMIT 1000  
[2017-01-16 16:40:50] /shop/index.php?act=show_store&op=ajax_flowstat_record&store_id=7&goods_id=104651&act_param=goods&op_param=index ( act=show_store&op=ajax_flowstat_record ) 
ERR: Db Error: Table 'gt.az_web_channel' doesn't exist
SELECT * FROM `az_web_channel` WHERE ( channel_show = '1' ) ORDER BY convert(channel_name using gbk) asc,channel_id desc LIMIT 1000  
[2017-01-16 16:40:50] /shop/index.php?act=goods&op=addbrowse&gid=104651 ( act=goods&op=addbrowse ) 
ERR: Db Error: Table 'gt.az_web_channel' doesn't exist
SELECT * FROM `az_web_channel` WHERE ( channel_show = '1' ) ORDER BY convert(channel_name using gbk) asc,channel_id desc LIMIT 1000  
[2017-01-16 16:40:51] /shop/index.php?act=compare&op=checkcompare ( act=compare&op=checkcompare ) 
ERR: Db Error: Table 'gt.az_web_channel' doesn't exist
SELECT * FROM `az_web_channel` WHERE ( channel_show = '1' ) ORDER BY convert(channel_name using gbk) asc,channel_id desc LIMIT 1000  
[2017-01-16 16:40:51] /shop/index.js.map ( act=index&op=index ) 
ERR: Db Error: Table 'gt.az_web_channel' doesn't exist
SELECT * FROM `az_web_channel` WHERE ( channel_show = '1' ) ORDER BY convert(channel_name using gbk) asc,channel_id desc LIMIT 1000  
[2017-01-16 16:41:18] /shop/index.php?act=goods&op=index&goods_id=104651 ( act=goods&op=index ) 
ERR: Db Error: Table 'gt.az_web_channel' doesn't exist
SELECT * FROM `az_web_channel` WHERE ( channel_show = '1' ) ORDER BY convert(channel_name using gbk) asc,channel_id desc LIMIT 1000  
[2017-01-16 16:41:18] /shop/index.php?act=show_store&op=ajax_flowstat_record&store_id=7&goods_id=104651&act_param=goods&op_param=index ( act=show_store&op=ajax_flowstat_record ) 
ERR: Db Error: Table 'gt.az_web_channel' doesn't exist
SELECT * FROM `az_web_channel` WHERE ( channel_show = '1' ) ORDER BY convert(channel_name using gbk) asc,channel_id desc LIMIT 1000  
[2017-01-16 16:41:19] /shop/index.php?act=compare&op=checkcompare ( act=compare&op=checkcompare ) 
ERR: Db Error: Table 'gt.az_web_channel' doesn't exist
SELECT * FROM `az_web_channel` WHERE ( channel_show = '1' ) ORDER BY convert(channel_name using gbk) asc,channel_id desc LIMIT 1000  
[2017-01-16 16:41:19] /shop/index.php?act=goods&op=addbrowse&gid=104651 ( act=goods&op=addbrowse ) 
ERR: Db Error: Table 'gt.az_web_channel' doesn't exist
SELECT * FROM `az_web_channel` WHERE ( channel_show = '1' ) ORDER BY convert(channel_name using gbk) asc,channel_id desc LIMIT 1000  
[2017-01-16 16:41:19] /shop/index.js.map ( act=index&op=index ) 
ERR: Db Error: Table 'gt.az_web_channel' doesn't exist
SELECT * FROM `az_web_channel` WHERE ( channel_show = '1' ) ORDER BY convert(channel_name using gbk) asc,channel_id desc LIMIT 1000  
[2017-01-16 16:41:49] /shop/index.php?act=goods&op=index&goods_id=104651 ( act=goods&op=index ) 
ERR: Db Error: Table 'gt.az_web_channel' doesn't exist
SELECT * FROM `az_web_channel` WHERE ( channel_show = '1' ) ORDER BY convert(channel_name using gbk) asc,channel_id desc LIMIT 1000  
[2017-01-16 16:41:50] /shop/index.php?act=show_store&op=ajax_flowstat_record&store_id=7&goods_id=104651&act_param=goods&op_param=index ( act=show_store&op=ajax_flowstat_record ) 
ERR: Db Error: Table 'gt.az_web_channel' doesn't exist
SELECT * FROM `az_web_channel` WHERE ( channel_show = '1' ) ORDER BY convert(channel_name using gbk) asc,channel_id desc LIMIT 1000  
[2017-01-16 16:41:50] /shop/index.php?act=goods&op=addbrowse&gid=104651 ( act=goods&op=addbrowse ) 
ERR: Db Error: Table 'gt.az_web_channel' doesn't exist
SELECT * FROM `az_web_channel` WHERE ( channel_show = '1' ) ORDER BY convert(channel_name using gbk) asc,channel_id desc LIMIT 1000  
[2017-01-16 16:41:50] /shop/index.php?act=compare&op=checkcompare ( act=compare&op=checkcompare ) 
ERR: Db Error: Table 'gt.az_web_channel' doesn't exist
SELECT * FROM `az_web_channel` WHERE ( channel_show = '1' ) ORDER BY convert(channel_name using gbk) asc,channel_id desc LIMIT 1000  
[2017-01-16 16:41:50] /shop/index.js.map ( act=index&op=index ) 
ERR: Db Error: Table 'gt.az_web_channel' doesn't exist
SELECT * FROM `az_web_channel` WHERE ( channel_show = '1' ) ORDER BY convert(channel_name using gbk) asc,channel_id desc LIMIT 1000  
[2017-01-16 16:42:34] /shop/index.php?act=goods&op=index&goods_id=104651 ( act=goods&op=index ) 
ERR: Db Error: Table 'gt.az_web_channel' doesn't exist
SELECT * FROM `az_web_channel` WHERE ( channel_show = '1' ) ORDER BY convert(channel_name using gbk) asc,channel_id desc LIMIT 1000  
[2017-01-16 16:42:35] /shop/index.php?act=show_store&op=ajax_flowstat_record&store_id=7&goods_id=104651&act_param=goods&op_param=index ( act=show_store&op=ajax_flowstat_record ) 
ERR: Db Error: Table 'gt.az_web_channel' doesn't exist
SELECT * FROM `az_web_channel` WHERE ( channel_show = '1' ) ORDER BY convert(channel_name using gbk) asc,channel_id desc LIMIT 1000  
[2017-01-16 16:42:35] /shop/index.php?act=goods&op=addbrowse&gid=104651 ( act=goods&op=addbrowse ) 
ERR: Db Error: Table 'gt.az_web_channel' doesn't exist
SELECT * FROM `az_web_channel` WHERE ( channel_show = '1' ) ORDER BY convert(channel_name using gbk) asc,channel_id desc LIMIT 1000  
[2017-01-16 16:42:35] /shop/index.php?act=compare&op=checkcompare ( act=compare&op=checkcompare ) 
ERR: Db Error: Table 'gt.az_web_channel' doesn't exist
SELECT * FROM `az_web_channel` WHERE ( channel_show = '1' ) ORDER BY convert(channel_name using gbk) asc,channel_id desc LIMIT 1000  
[2017-01-16 16:42:35] /shop/index.js.map ( act=index&op=index ) 
ERR: Db Error: Table 'gt.az_web_channel' doesn't exist
SELECT * FROM `az_web_channel` WHERE ( channel_show = '1' ) ORDER BY convert(channel_name using gbk) asc,channel_id desc LIMIT 1000  
[2017-01-16 16:42:43] /shop/index.php?act=goods&op=index&goods_id=104651 ( act=goods&op=index ) 
ERR: Db Error: Table 'gt.az_web_channel' doesn't exist
SELECT * FROM `az_web_channel` WHERE ( channel_show = '1' ) ORDER BY convert(channel_name using gbk) asc,channel_id desc LIMIT 1000  
[2017-01-16 16:42:43] /shop/index.php?act=show_store&op=ajax_flowstat_record&store_id=7&goods_id=104651&act_param=goods&op_param=index ( act=show_store&op=ajax_flowstat_record ) 
ERR: Db Error: Table 'gt.az_web_channel' doesn't exist
SELECT * FROM `az_web_channel` WHERE ( channel_show = '1' ) ORDER BY convert(channel_name using gbk) asc,channel_id desc LIMIT 1000  
[2017-01-16 16:42:44] /shop/index.php?act=compare&op=checkcompare ( act=compare&op=checkcompare ) 
ERR: Db Error: Table 'gt.az_web_channel' doesn't exist
SELECT * FROM `az_web_channel` WHERE ( channel_show = '1' ) ORDER BY convert(channel_name using gbk) asc,channel_id desc LIMIT 1000  
[2017-01-16 16:42:44] /shop/index.php?act=goods&op=addbrowse&gid=104651 ( act=goods&op=addbrowse ) 
ERR: Db Error: Table 'gt.az_web_channel' doesn't exist
SELECT * FROM `az_web_channel` WHERE ( channel_show = '1' ) ORDER BY convert(channel_name using gbk) asc,channel_id desc LIMIT 1000  
[2017-01-16 16:42:44] /shop/index.js.map ( act=index&op=index ) 
ERR: Db Error: Table 'gt.az_web_channel' doesn't exist
SELECT * FROM `az_web_channel` WHERE ( channel_show = '1' ) ORDER BY convert(channel_name using gbk) asc,channel_id desc LIMIT 1000  
[2017-01-16 16:42:49] /shop/index.php?act=goods&op=index&goods_id=104651 ( act=goods&op=index ) 
ERR: Db Error: Table 'gt.az_web_channel' doesn't exist
SELECT * FROM `az_web_channel` WHERE ( channel_show = '1' ) ORDER BY convert(channel_name using gbk) asc,channel_id desc LIMIT 1000  
[2017-01-16 16:42:49] /shop/index.php?act=show_store&op=ajax_flowstat_record&store_id=7&goods_id=104651&act_param=goods&op_param=index ( act=show_store&op=ajax_flowstat_record ) 
ERR: Db Error: Table 'gt.az_web_channel' doesn't exist
SELECT * FROM `az_web_channel` WHERE ( channel_show = '1' ) ORDER BY convert(channel_name using gbk) asc,channel_id desc LIMIT 1000  
[2017-01-16 16:42:49] /shop/index.php?act=goods&op=addbrowse&gid=104651 ( act=goods&op=addbrowse ) 
ERR: Db Error: Table 'gt.az_web_channel' doesn't exist
SELECT * FROM `az_web_channel` WHERE ( channel_show = '1' ) ORDER BY convert(channel_name using gbk) asc,channel_id desc LIMIT 1000  
[2017-01-16 16:42:49] /shop/index.php?act=compare&op=checkcompare ( act=compare&op=checkcompare ) 
ERR: Db Error: Table 'gt.az_web_channel' doesn't exist
SELECT * FROM `az_web_channel` WHERE ( channel_show = '1' ) ORDER BY convert(channel_name using gbk) asc,channel_id desc LIMIT 1000  
[2017-01-16 16:42:49] /shop/index.js.map ( act=index&op=index ) 
ERR: Db Error: Table 'gt.az_web_channel' doesn't exist
SELECT * FROM `az_web_channel` WHERE ( channel_show = '1' ) ORDER BY convert(channel_name using gbk) asc,channel_id desc LIMIT 1000  
[2017-01-16 16:43:49] /shop/index.php?act=goods&op=index&goods_id=104651 ( act=goods&op=index ) 
ERR: Db Error: Table 'gt.az_web_channel' doesn't exist
SELECT * FROM `az_web_channel` WHERE ( channel_show = '1' ) ORDER BY convert(channel_name using gbk) asc,channel_id desc LIMIT 1000  
[2017-01-16 16:43:50] /shop/index.php?act=show_store&op=ajax_flowstat_record&store_id=7&goods_id=104651&act_param=goods&op_param=index ( act=show_store&op=ajax_flowstat_record ) 
ERR: Db Error: Table 'gt.az_web_channel' doesn't exist
SELECT * FROM `az_web_channel` WHERE ( channel_show = '1' ) ORDER BY convert(channel_name using gbk) asc,channel_id desc LIMIT 1000  
[2017-01-16 16:43:50] /shop/index.php?act=compare&op=checkcompare ( act=compare&op=checkcompare ) 
ERR: Db Error: Table 'gt.az_web_channel' doesn't exist
SELECT * FROM `az_web_channel` WHERE ( channel_show = '1' ) ORDER BY convert(channel_name using gbk) asc,channel_id desc LIMIT 1000  
[2017-01-16 16:43:50] /shop/index.php?act=goods&op=addbrowse&gid=104651 ( act=goods&op=addbrowse ) 
ERR: Db Error: Table 'gt.az_web_channel' doesn't exist
SELECT * FROM `az_web_channel` WHERE ( channel_show = '1' ) ORDER BY convert(channel_name using gbk) asc,channel_id desc LIMIT 1000  
[2017-01-16 16:43:50] /shop/index.js.map ( act=index&op=index ) 
ERR: Db Error: Table 'gt.az_web_channel' doesn't exist
SELECT * FROM `az_web_channel` WHERE ( channel_show = '1' ) ORDER BY convert(channel_name using gbk) asc,channel_id desc LIMIT 1000  
[2017-01-16 16:43:54] /shop/undefined ( act=index&op=index ) 
ERR: Db Error: Table 'gt.az_web_channel' doesn't exist
SELECT * FROM `az_web_channel` WHERE ( channel_show = '1' ) ORDER BY convert(channel_name using gbk) asc,channel_id desc LIMIT 1000  
[2017-01-16 16:44:00] /shop/undefined ( act=index&op=index ) 
ERR: Db Error: Table 'gt.az_web_channel' doesn't exist
SELECT * FROM `az_web_channel` WHERE ( channel_show = '1' ) ORDER BY convert(channel_name using gbk) asc,channel_id desc LIMIT 1000  
[2017-01-16 16:44:08] /shop/undefined ( act=index&op=index ) 
ERR: Db Error: Table 'gt.az_web_channel' doesn't exist
SELECT * FROM `az_web_channel` WHERE ( channel_show = '1' ) ORDER BY convert(channel_name using gbk) asc,channel_id desc LIMIT 1000  
[2017-01-16 16:44:27] /shop/index.php?act=goods&op=index&goods_id=104651 ( act=goods&op=index ) 
ERR: Db Error: Table 'gt.az_web_channel' doesn't exist
SELECT * FROM `az_web_channel` WHERE ( channel_show = '1' ) ORDER BY convert(channel_name using gbk) asc,channel_id desc LIMIT 1000  
[2017-01-16 16:44:28] /shop/index.php?act=show_store&op=ajax_flowstat_record&store_id=7&goods_id=104651&act_param=goods&op_param=index ( act=show_store&op=ajax_flowstat_record ) 
ERR: Db Error: Table 'gt.az_web_channel' doesn't exist
SELECT * FROM `az_web_channel` WHERE ( channel_show = '1' ) ORDER BY convert(channel_name using gbk) asc,channel_id desc LIMIT 1000  
[2017-01-16 16:44:28] /shop/index.php?act=goods&op=addbrowse&gid=104651 ( act=goods&op=addbrowse ) 
ERR: Db Error: Table 'gt.az_web_channel' doesn't exist
SELECT * FROM `az_web_channel` WHERE ( channel_show = '1' ) ORDER BY convert(channel_name using gbk) asc,channel_id desc LIMIT 1000  
[2017-01-16 16:44:28] /shop/index.php?act=compare&op=checkcompare ( act=compare&op=checkcompare ) 
ERR: Db Error: Table 'gt.az_web_channel' doesn't exist
SELECT * FROM `az_web_channel` WHERE ( channel_show = '1' ) ORDER BY convert(channel_name using gbk) asc,channel_id desc LIMIT 1000  
[2017-01-16 16:44:28] /shop/index.js.map ( act=index&op=index ) 
ERR: Db Error: Table 'gt.az_web_channel' doesn't exist
SELECT * FROM `az_web_channel` WHERE ( channel_show = '1' ) ORDER BY convert(channel_name using gbk) asc,channel_id desc LIMIT 1000  
[2017-01-16 16:44:31] /shop/undefined ( act=index&op=index ) 
ERR: Db Error: Table 'gt.az_web_channel' doesn't exist
SELECT * FROM `az_web_channel` WHERE ( channel_show = '1' ) ORDER BY convert(channel_name using gbk) asc,channel_id desc LIMIT 1000  
[2017-01-16 16:44:39] /shop/undefined ( act=index&op=index ) 
ERR: Db Error: Table 'gt.az_web_channel' doesn't exist
SELECT * FROM `az_web_channel` WHERE ( channel_show = '1' ) ORDER BY convert(channel_name using gbk) asc,channel_id desc LIMIT 1000  
[2017-01-16 16:47:42] /shop/index.php?act=goods&op=index&goods_id=104651 ( act=goods&op=index ) 
ERR: Db Error: Table 'gt.az_web_channel' doesn't exist
SELECT * FROM `az_web_channel` WHERE ( channel_show = '1' ) ORDER BY convert(channel_name using gbk) asc,channel_id desc LIMIT 1000  
[2017-01-16 16:47:42] /shop/index.php?act=show_store&op=ajax_flowstat_record&store_id=7&goods_id=104651&act_param=goods&op_param=index ( act=show_store&op=ajax_flowstat_record ) 
ERR: Db Error: Table 'gt.az_web_channel' doesn't exist
SELECT * FROM `az_web_channel` WHERE ( channel_show = '1' ) ORDER BY convert(channel_name using gbk) asc,channel_id desc LIMIT 1000  
[2017-01-16 16:47:43] /shop/index.js.map ( act=index&op=index ) 
ERR: Db Error: Table 'gt.az_web_channel' doesn't exist
SELECT * FROM `az_web_channel` WHERE ( channel_show = '1' ) ORDER BY convert(channel_name using gbk) asc,channel_id desc LIMIT 1000  
[2017-01-16 16:47:44] /shop/index.php?act=goods&op=addbrowse&gid=104651 ( act=goods&op=addbrowse ) 
ERR: Db Error: Table 'gt.az_web_channel' doesn't exist
SELECT * FROM `az_web_channel` WHERE ( channel_show = '1' ) ORDER BY convert(channel_name using gbk) asc,channel_id desc LIMIT 1000  
[2017-01-16 16:47:44] /shop/index.php?act=compare&op=checkcompare ( act=compare&op=checkcompare ) 
ERR: Db Error: Table 'gt.az_web_channel' doesn't exist
SELECT * FROM `az_web_channel` WHERE ( channel_show = '1' ) ORDER BY convert(channel_name using gbk) asc,channel_id desc LIMIT 1000  
[2017-01-16 16:47:47] /shop/undefined ( act=index&op=index ) 
ERR: Db Error: Table 'gt.az_web_channel' doesn't exist
SELECT * FROM `az_web_channel` WHERE ( channel_show = '1' ) ORDER BY convert(channel_name using gbk) asc,channel_id desc LIMIT 1000  
[2017-01-16 16:47:54] /shop/undefined ( act=index&op=index ) 
ERR: Db Error: Table 'gt.az_web_channel' doesn't exist
SELECT * FROM `az_web_channel` WHERE ( channel_show = '1' ) ORDER BY convert(channel_name using gbk) asc,channel_id desc LIMIT 1000  
[2017-01-16 16:48:02] /shop/undefined ( act=index&op=index ) 
ERR: Db Error: Table 'gt.az_web_channel' doesn't exist
SELECT * FROM `az_web_channel` WHERE ( channel_show = '1' ) ORDER BY convert(channel_name using gbk) asc,channel_id desc LIMIT 1000  
[2017-01-16 16:53:57] /shop/undefined ( act=index&op=index ) 
ERR: Db Error: Table 'gt.az_web_channel' doesn't exist
SELECT * FROM `az_web_channel` WHERE ( channel_show = '1' ) ORDER BY convert(channel_name using gbk) asc,channel_id desc LIMIT 1000  
[2017-01-16 16:54:06] /shop/undefined ( act=index&op=index ) 
ERR: Db Error: Table 'gt.az_web_channel' doesn't exist
SELECT * FROM `az_web_channel` WHERE ( channel_show = '1' ) ORDER BY convert(channel_name using gbk) asc,channel_id desc LIMIT 1000  
[2017-01-16 16:55:37] /shop/undefined ( act=index&op=index ) 
ERR: Db Error: Table 'gt.az_web_channel' doesn't exist
SELECT * FROM `az_web_channel` WHERE ( channel_show = '1' ) ORDER BY convert(channel_name using gbk) asc,channel_id desc LIMIT 1000  
[2017-01-16 16:56:07] /shop/index.php?act=goods&op=index&goods_id=104651 ( act=goods&op=index ) 
ERR: Db Error: Table 'gt.az_web_channel' doesn't exist
SELECT * FROM `az_web_channel` WHERE ( channel_show = '1' ) ORDER BY convert(channel_name using gbk) asc,channel_id desc LIMIT 1000  
[2017-01-16 16:56:09] /shop/index.php?act=show_store&op=ajax_flowstat_record&store_id=7&goods_id=104651&act_param=goods&op_param=index ( act=show_store&op=ajax_flowstat_record ) 
ERR: Db Error: Table 'gt.az_web_channel' doesn't exist
SELECT * FROM `az_web_channel` WHERE ( channel_show = '1' ) ORDER BY convert(channel_name using gbk) asc,channel_id desc LIMIT 1000  
[2017-01-16 16:56:09] /shop/index.js.map ( act=index&op=index ) 
ERR: Db Error: Table 'gt.az_web_channel' doesn't exist
SELECT * FROM `az_web_channel` WHERE ( channel_show = '1' ) ORDER BY convert(channel_name using gbk) asc,channel_id desc LIMIT 1000  
[2017-01-16 16:56:10] /shop/index.php?act=goods&op=addbrowse&gid=104651 ( act=goods&op=addbrowse ) 
ERR: Db Error: Table 'gt.az_web_channel' doesn't exist
SELECT * FROM `az_web_channel` WHERE ( channel_show = '1' ) ORDER BY convert(channel_name using gbk) asc,channel_id desc LIMIT 1000  
[2017-01-16 16:56:10] /shop/index.php?act=compare&op=checkcompare ( act=compare&op=checkcompare ) 
ERR: Db Error: Table 'gt.az_web_channel' doesn't exist
SELECT * FROM `az_web_channel` WHERE ( channel_show = '1' ) ORDER BY convert(channel_name using gbk) asc,channel_id desc LIMIT 1000  
[2017-01-16 16:56:13] /shop/undefined ( act=index&op=index ) 
ERR: Db Error: Table 'gt.az_web_channel' doesn't exist
SELECT * FROM `az_web_channel` WHERE ( channel_show = '1' ) ORDER BY convert(channel_name using gbk) asc,channel_id desc LIMIT 1000  
[2017-01-16 16:56:23] /shop/undefined ( act=index&op=index ) 
ERR: Db Error: Table 'gt.az_web_channel' doesn't exist
SELECT * FROM `az_web_channel` WHERE ( channel_show = '1' ) ORDER BY convert(channel_name using gbk) asc,channel_id desc LIMIT 1000  
[2017-01-16 17:01:39] /shop/index.php?act=goods&op=index&goods_id=104651 ( act=goods&op=index ) 
ERR: Db Error: Table 'gt.az_web_channel' doesn't exist
SELECT * FROM `az_web_channel` WHERE ( channel_show = '1' ) ORDER BY convert(channel_name using gbk) asc,channel_id desc LIMIT 1000  
[2017-01-16 17:01:40] /shop/index.php?act=show_store&op=ajax_flowstat_record&store_id=7&goods_id=104651&act_param=goods&op_param=index ( act=show_store&op=ajax_flowstat_record ) 
ERR: Db Error: Table 'gt.az_web_channel' doesn't exist
SELECT * FROM `az_web_channel` WHERE ( channel_show = '1' ) ORDER BY convert(channel_name using gbk) asc,channel_id desc LIMIT 1000  
[2017-01-16 17:01:40] /shop/index.js.map ( act=index&op=index ) 
ERR: Db Error: Table 'gt.az_web_channel' doesn't exist
SELECT * FROM `az_web_channel` WHERE ( channel_show = '1' ) ORDER BY convert(channel_name using gbk) asc,channel_id desc LIMIT 1000  
[2017-01-16 17:02:38] /shop/index.php?act=goods&op=index&goods_id=104651 ( act=goods&op=index ) 
ERR: Db Error: Table 'gt.az_web_channel' doesn't exist
SELECT * FROM `az_web_channel` WHERE ( channel_show = '1' ) ORDER BY convert(channel_name using gbk) asc,channel_id desc LIMIT 1000  
[2017-01-16 17:02:39] /shop/index.php?act=show_store&op=ajax_flowstat_record&store_id=7&goods_id=104651&act_param=goods&op_param=index ( act=show_store&op=ajax_flowstat_record ) 
ERR: Db Error: Table 'gt.az_web_channel' doesn't exist
SELECT * FROM `az_web_channel` WHERE ( channel_show = '1' ) ORDER BY convert(channel_name using gbk) asc,channel_id desc LIMIT 1000  
[2017-01-16 17:02:39] /shop/index.php?act=goods&op=addbrowse&gid=104651 ( act=goods&op=addbrowse ) 
ERR: Db Error: Table 'gt.az_web_channel' doesn't exist
SELECT * FROM `az_web_channel` WHERE ( channel_show = '1' ) ORDER BY convert(channel_name using gbk) asc,channel_id desc LIMIT 1000  
[2017-01-16 17:02:39] /shop/index.php?act=compare&op=checkcompare ( act=compare&op=checkcompare ) 
ERR: Db Error: Table 'gt.az_web_channel' doesn't exist
SELECT * FROM `az_web_channel` WHERE ( channel_show = '1' ) ORDER BY convert(channel_name using gbk) asc,channel_id desc LIMIT 1000  
[2017-01-16 17:02:40] /shop/index.js.map ( act=index&op=index ) 
ERR: Db Error: Table 'gt.az_web_channel' doesn't exist
SELECT * FROM `az_web_channel` WHERE ( channel_show = '1' ) ORDER BY convert(channel_name using gbk) asc,channel_id desc LIMIT 1000  
[2017-01-16 17:02:48] /shop/index.php?act=goods&op=index&goods_id=104651 ( act=goods&op=index ) 
ERR: Db Error: Table 'gt.az_web_channel' doesn't exist
SELECT * FROM `az_web_channel` WHERE ( channel_show = '1' ) ORDER BY convert(channel_name using gbk) asc,channel_id desc LIMIT 1000  
[2017-01-16 17:02:49] /shop/index.php?act=show_store&op=ajax_flowstat_record&store_id=7&goods_id=104651&act_param=goods&op_param=index ( act=show_store&op=ajax_flowstat_record ) 
ERR: Db Error: Table 'gt.az_web_channel' doesn't exist
SELECT * FROM `az_web_channel` WHERE ( channel_show = '1' ) ORDER BY convert(channel_name using gbk) asc,channel_id desc LIMIT 1000  
[2017-01-16 17:02:49] /shop/index.php?act=goods&op=addbrowse&gid=104651 ( act=goods&op=addbrowse ) 
ERR: Db Error: Table 'gt.az_web_channel' doesn't exist
SELECT * FROM `az_web_channel` WHERE ( channel_show = '1' ) ORDER BY convert(channel_name using gbk) asc,channel_id desc LIMIT 1000  
[2017-01-16 17:02:49] /shop/index.php?act=compare&op=checkcompare ( act=compare&op=checkcompare ) 
ERR: Db Error: Table 'gt.az_web_channel' doesn't exist
SELECT * FROM `az_web_channel` WHERE ( channel_show = '1' ) ORDER BY convert(channel_name using gbk) asc,channel_id desc LIMIT 1000  
[2017-01-16 17:02:49] /shop/index.js.map ( act=index&op=index ) 
ERR: Db Error: Table 'gt.az_web_channel' doesn't exist
SELECT * FROM `az_web_channel` WHERE ( channel_show = '1' ) ORDER BY convert(channel_name using gbk) asc,channel_id desc LIMIT 1000  
[2017-01-16 17:03:18] /shop/index.php?act=goods&op=index&goods_id=104651 ( act=goods&op=index ) 
ERR: Db Error: Table 'gt.az_web_channel' doesn't exist
SELECT * FROM `az_web_channel` WHERE ( channel_show = '1' ) ORDER BY convert(channel_name using gbk) asc,channel_id desc LIMIT 1000  
[2017-01-16 17:03:18] /shop/index.php?act=show_store&op=ajax_flowstat_record&store_id=7&goods_id=104651&act_param=goods&op_param=index ( act=show_store&op=ajax_flowstat_record ) 
ERR: Db Error: Table 'gt.az_web_channel' doesn't exist
SELECT * FROM `az_web_channel` WHERE ( channel_show = '1' ) ORDER BY convert(channel_name using gbk) asc,channel_id desc LIMIT 1000  
[2017-01-16 17:03:18] /shop/index.js.map ( act=index&op=index ) 
ERR: Db Error: Table 'gt.az_web_channel' doesn't exist
SELECT * FROM `az_web_channel` WHERE ( channel_show = '1' ) ORDER BY convert(channel_name using gbk) asc,channel_id desc LIMIT 1000  
[2017-01-16 17:03:19] /shop/index.php?act=goods&op=addbrowse&gid=104651 ( act=goods&op=addbrowse ) 
ERR: Db Error: Table 'gt.az_web_channel' doesn't exist
SELECT * FROM `az_web_channel` WHERE ( channel_show = '1' ) ORDER BY convert(channel_name using gbk) asc,channel_id desc LIMIT 1000  
[2017-01-16 17:03:19] /shop/index.php?act=compare&op=checkcompare ( act=compare&op=checkcompare ) 
ERR: Db Error: Table 'gt.az_web_channel' doesn't exist
SELECT * FROM `az_web_channel` WHERE ( channel_show = '1' ) ORDER BY convert(channel_name using gbk) asc,channel_id desc LIMIT 1000  
[2017-01-16 17:03:35] /shop/index.php?act=goods&op=index&goods_id=104651 ( act=goods&op=index ) 
ERR: Db Error: Table 'gt.az_web_channel' doesn't exist
SELECT * FROM `az_web_channel` WHERE ( channel_show = '1' ) ORDER BY convert(channel_name using gbk) asc,channel_id desc LIMIT 1000  
[2017-01-16 17:03:36] /shop/index.php?act=show_store&op=ajax_flowstat_record&store_id=7&goods_id=104651&act_param=goods&op_param=index ( act=show_store&op=ajax_flowstat_record ) 
ERR: Db Error: Table 'gt.az_web_channel' doesn't exist
SELECT * FROM `az_web_channel` WHERE ( channel_show = '1' ) ORDER BY convert(channel_name using gbk) asc,channel_id desc LIMIT 1000  
[2017-01-16 17:03:36] /shop/index.php?act=compare&op=checkcompare ( act=compare&op=checkcompare ) 
ERR: Db Error: Table 'gt.az_web_channel' doesn't exist
SELECT * FROM `az_web_channel` WHERE ( channel_show = '1' ) ORDER BY convert(channel_name using gbk) asc,channel_id desc LIMIT 1000  
[2017-01-16 17:03:36] /shop/index.php?act=goods&op=addbrowse&gid=104651 ( act=goods&op=addbrowse ) 
ERR: Db Error: Table 'gt.az_web_channel' doesn't exist
SELECT * FROM `az_web_channel` WHERE ( channel_show = '1' ) ORDER BY convert(channel_name using gbk) asc,channel_id desc LIMIT 1000  
[2017-01-16 17:03:36] /shop/index.js.map ( act=index&op=index ) 
ERR: Db Error: Table 'gt.az_web_channel' doesn't exist
SELECT * FROM `az_web_channel` WHERE ( channel_show = '1' ) ORDER BY convert(channel_name using gbk) asc,channel_id desc LIMIT 1000  
[2017-01-16 17:03:40] /shop/index.php?act=goods&op=index&goods_id=104651 ( act=goods&op=index ) 
ERR: Db Error: Table 'gt.az_web_channel' doesn't exist
SELECT * FROM `az_web_channel` WHERE ( channel_show = '1' ) ORDER BY convert(channel_name using gbk) asc,channel_id desc LIMIT 1000  
[2017-01-16 17:03:40] /shop/index.php?act=show_store&op=ajax_flowstat_record&store_id=7&goods_id=104651&act_param=goods&op_param=index ( act=show_store&op=ajax_flowstat_record ) 
ERR: Db Error: Table 'gt.az_web_channel' doesn't exist
SELECT * FROM `az_web_channel` WHERE ( channel_show = '1' ) ORDER BY convert(channel_name using gbk) asc,channel_id desc LIMIT 1000  
[2017-01-16 17:03:40] /shop/index.php?act=goods&op=addbrowse&gid=104651 ( act=goods&op=addbrowse ) 
ERR: Db Error: Table 'gt.az_web_channel' doesn't exist
SELECT * FROM `az_web_channel` WHERE ( channel_show = '1' ) ORDER BY convert(channel_name using gbk) asc,channel_id desc LIMIT 1000  
[2017-01-16 17:03:40] /shop/index.php?act=compare&op=checkcompare ( act=compare&op=checkcompare ) 
ERR: Db Error: Table 'gt.az_web_channel' doesn't exist
SELECT * FROM `az_web_channel` WHERE ( channel_show = '1' ) ORDER BY convert(channel_name using gbk) asc,channel_id desc LIMIT 1000  
[2017-01-16 17:03:40] /shop/index.js.map ( act=index&op=index ) 
ERR: Db Error: Table 'gt.az_web_channel' doesn't exist
SELECT * FROM `az_web_channel` WHERE ( channel_show = '1' ) ORDER BY convert(channel_name using gbk) asc,channel_id desc LIMIT 1000  
[2017-01-16 17:03:53] /shop/index.php?act=goods&op=index&goods_id=104651 ( act=goods&op=index ) 
ERR: Db Error: Table 'gt.az_web_channel' doesn't exist
SELECT * FROM `az_web_channel` WHERE ( channel_show = '1' ) ORDER BY convert(channel_name using gbk) asc,channel_id desc LIMIT 1000  
[2017-01-16 17:03:54] /shop/index.php?act=show_store&op=ajax_flowstat_record&store_id=7&goods_id=104651&act_param=goods&op_param=index ( act=show_store&op=ajax_flowstat_record ) 
ERR: Db Error: Table 'gt.az_web_channel' doesn't exist
SELECT * FROM `az_web_channel` WHERE ( channel_show = '1' ) ORDER BY convert(channel_name using gbk) asc,channel_id desc LIMIT 1000  
[2017-01-16 17:03:54] /shop/index.php?act=goods&op=addbrowse&gid=104651 ( act=goods&op=addbrowse ) 
ERR: Db Error: Table 'gt.az_web_channel' doesn't exist
SELECT * FROM `az_web_channel` WHERE ( channel_show = '1' ) ORDER BY convert(channel_name using gbk) asc,channel_id desc LIMIT 1000  
[2017-01-16 17:03:54] /shop/index.php?act=compare&op=checkcompare ( act=compare&op=checkcompare ) 
ERR: Db Error: Table 'gt.az_web_channel' doesn't exist
SELECT * FROM `az_web_channel` WHERE ( channel_show = '1' ) ORDER BY convert(channel_name using gbk) asc,channel_id desc LIMIT 1000  
[2017-01-16 17:03:54] /shop/index.js.map ( act=index&op=index ) 
ERR: Db Error: Table 'gt.az_web_channel' doesn't exist
SELECT * FROM `az_web_channel` WHERE ( channel_show = '1' ) ORDER BY convert(channel_name using gbk) asc,channel_id desc LIMIT 1000  
[2017-01-16 17:04:02] /shop/index.php?act=goods&op=index&goods_id=104651 ( act=goods&op=index ) 
ERR: Db Error: Table 'gt.az_web_channel' doesn't exist
SELECT * FROM `az_web_channel` WHERE ( channel_show = '1' ) ORDER BY convert(channel_name using gbk) asc,channel_id desc LIMIT 1000  
[2017-01-16 17:04:03] /shop/index.php?act=show_store&op=ajax_flowstat_record&store_id=7&goods_id=104651&act_param=goods&op_param=index ( act=show_store&op=ajax_flowstat_record ) 
ERR: Db Error: Table 'gt.az_web_channel' doesn't exist
SELECT * FROM `az_web_channel` WHERE ( channel_show = '1' ) ORDER BY convert(channel_name using gbk) asc,channel_id desc LIMIT 1000  
[2017-01-16 17:04:03] /shop/index.php?act=goods&op=addbrowse&gid=104651 ( act=goods&op=addbrowse ) 
ERR: Db Error: Table 'gt.az_web_channel' doesn't exist
SELECT * FROM `az_web_channel` WHERE ( channel_show = '1' ) ORDER BY convert(channel_name using gbk) asc,channel_id desc LIMIT 1000  
[2017-01-16 17:04:03] /shop/index.php?act=compare&op=checkcompare ( act=compare&op=checkcompare ) 
ERR: Db Error: Table 'gt.az_web_channel' doesn't exist
SELECT * FROM `az_web_channel` WHERE ( channel_show = '1' ) ORDER BY convert(channel_name using gbk) asc,channel_id desc LIMIT 1000  
[2017-01-16 17:04:03] /shop/index.js.map ( act=index&op=index ) 
ERR: Db Error: Table 'gt.az_web_channel' doesn't exist
SELECT * FROM `az_web_channel` WHERE ( channel_show = '1' ) ORDER BY convert(channel_name using gbk) asc,channel_id desc LIMIT 1000  
[2017-01-16 17:04:14] /shop/index.php?act=goods&op=index&goods_id=104651 ( act=goods&op=index ) 
ERR: Db Error: Table 'gt.az_web_channel' doesn't exist
SELECT * FROM `az_web_channel` WHERE ( channel_show = '1' ) ORDER BY convert(channel_name using gbk) asc,channel_id desc LIMIT 1000  
[2017-01-16 17:04:14] /shop/index.php?act=show_store&op=ajax_flowstat_record&store_id=7&goods_id=104651&act_param=goods&op_param=index ( act=show_store&op=ajax_flowstat_record ) 
ERR: Db Error: Table 'gt.az_web_channel' doesn't exist
SELECT * FROM `az_web_channel` WHERE ( channel_show = '1' ) ORDER BY convert(channel_name using gbk) asc,channel_id desc LIMIT 1000  
[2017-01-16 17:04:14] /shop/index.php?act=goods&op=addbrowse&gid=104651 ( act=goods&op=addbrowse ) 
ERR: Db Error: Table 'gt.az_web_channel' doesn't exist
SELECT * FROM `az_web_channel` WHERE ( channel_show = '1' ) ORDER BY convert(channel_name using gbk) asc,channel_id desc LIMIT 1000  
[2017-01-16 17:04:14] /shop/index.php?act=compare&op=checkcompare ( act=compare&op=checkcompare ) 
ERR: Db Error: Table 'gt.az_web_channel' doesn't exist
SELECT * FROM `az_web_channel` WHERE ( channel_show = '1' ) ORDER BY convert(channel_name using gbk) asc,channel_id desc LIMIT 1000  
[2017-01-16 17:04:14] /shop/index.js.map ( act=index&op=index ) 
ERR: Db Error: Table 'gt.az_web_channel' doesn't exist
SELECT * FROM `az_web_channel` WHERE ( channel_show = '1' ) ORDER BY convert(channel_name using gbk) asc,channel_id desc LIMIT 1000  
[2017-01-16 17:04:26] /shop/index.php?act=goods&op=index&goods_id=104651 ( act=goods&op=index ) 
ERR: Db Error: Table 'gt.az_web_channel' doesn't exist
SELECT * FROM `az_web_channel` WHERE ( channel_show = '1' ) ORDER BY convert(channel_name using gbk) asc,channel_id desc LIMIT 1000  
[2017-01-16 17:04:26] /shop/index.php?act=show_store&op=ajax_flowstat_record&store_id=7&goods_id=104651&act_param=goods&op_param=index ( act=show_store&op=ajax_flowstat_record ) 
ERR: Db Error: Table 'gt.az_web_channel' doesn't exist
SELECT * FROM `az_web_channel` WHERE ( channel_show = '1' ) ORDER BY convert(channel_name using gbk) asc,channel_id desc LIMIT 1000  
[2017-01-16 17:04:27] /shop/index.php?act=compare&op=checkcompare ( act=compare&op=checkcompare ) 
ERR: Db Error: Table 'gt.az_web_channel' doesn't exist
SELECT * FROM `az_web_channel` WHERE ( channel_show = '1' ) ORDER BY convert(channel_name using gbk) asc,channel_id desc LIMIT 1000  
[2017-01-16 17:04:27] /shop/index.php?act=goods&op=addbrowse&gid=104651 ( act=goods&op=addbrowse ) 
ERR: Db Error: Table 'gt.az_web_channel' doesn't exist
SELECT * FROM `az_web_channel` WHERE ( channel_show = '1' ) ORDER BY convert(channel_name using gbk) asc,channel_id desc LIMIT 1000  
[2017-01-16 17:04:27] /shop/index.js.map ( act=index&op=index ) 
ERR: Db Error: Table 'gt.az_web_channel' doesn't exist
SELECT * FROM `az_web_channel` WHERE ( channel_show = '1' ) ORDER BY convert(channel_name using gbk) asc,channel_id desc LIMIT 1000  
[2017-01-16 17:04:29] /shop/index.php?act=goods&op=index&goods_id=104651 ( act=goods&op=index ) 
ERR: Db Error: Table 'gt.az_web_channel' doesn't exist
SELECT * FROM `az_web_channel` WHERE ( channel_show = '1' ) ORDER BY convert(channel_name using gbk) asc,channel_id desc LIMIT 1000  
[2017-01-16 17:04:31] /shop/index.php?act=show_store&op=ajax_flowstat_record&store_id=7&goods_id=104651&act_param=goods&op_param=index ( act=show_store&op=ajax_flowstat_record ) 
ERR: Db Error: Table 'gt.az_web_channel' doesn't exist
SELECT * FROM `az_web_channel` WHERE ( channel_show = '1' ) ORDER BY convert(channel_name using gbk) asc,channel_id desc LIMIT 1000  
[2017-01-16 17:04:31] /shop/index.php?act=goods&op=addbrowse&gid=104651 ( act=goods&op=addbrowse ) 
ERR: Db Error: Table 'gt.az_web_channel' doesn't exist
SELECT * FROM `az_web_channel` WHERE ( channel_show = '1' ) ORDER BY convert(channel_name using gbk) asc,channel_id desc LIMIT 1000  
[2017-01-16 17:04:31] /shop/index.php?act=compare&op=checkcompare ( act=compare&op=checkcompare ) 
ERR: Db Error: Table 'gt.az_web_channel' doesn't exist
SELECT * FROM `az_web_channel` WHERE ( channel_show = '1' ) ORDER BY convert(channel_name using gbk) asc,channel_id desc LIMIT 1000  
[2017-01-16 17:04:31] /shop/index.js.map ( act=index&op=index ) 
ERR: Db Error: Table 'gt.az_web_channel' doesn't exist
SELECT * FROM `az_web_channel` WHERE ( channel_show = '1' ) ORDER BY convert(channel_name using gbk) asc,channel_id desc LIMIT 1000  
[2017-01-16 17:04:50] /shop/index.php?act=goods&op=index&goods_id=104651 ( act=goods&op=index ) 
ERR: Db Error: Table 'gt.az_web_channel' doesn't exist
SELECT * FROM `az_web_channel` WHERE ( channel_show = '1' ) ORDER BY convert(channel_name using gbk) asc,channel_id desc LIMIT 1000  
[2017-01-16 17:04:51] /shop/index.php?act=show_store&op=ajax_flowstat_record&store_id=7&goods_id=104651&act_param=goods&op_param=index ( act=show_store&op=ajax_flowstat_record ) 
ERR: Db Error: Table 'gt.az_web_channel' doesn't exist
SELECT * FROM `az_web_channel` WHERE ( channel_show = '1' ) ORDER BY convert(channel_name using gbk) asc,channel_id desc LIMIT 1000  
[2017-01-16 17:04:51] /shop/index.php?act=goods&op=addbrowse&gid=104651 ( act=goods&op=addbrowse ) 
ERR: Db Error: Table 'gt.az_web_channel' doesn't exist
SELECT * FROM `az_web_channel` WHERE ( channel_show = '1' ) ORDER BY convert(channel_name using gbk) asc,channel_id desc LIMIT 1000  
[2017-01-16 17:04:51] /shop/index.php?act=compare&op=checkcompare ( act=compare&op=checkcompare ) 
ERR: Db Error: Table 'gt.az_web_channel' doesn't exist
SELECT * FROM `az_web_channel` WHERE ( channel_show = '1' ) ORDER BY convert(channel_name using gbk) asc,channel_id desc LIMIT 1000  
[2017-01-16 17:04:52] /shop/index.js.map ( act=index&op=index ) 
ERR: Db Error: Table 'gt.az_web_channel' doesn't exist
SELECT * FROM `az_web_channel` WHERE ( channel_show = '1' ) ORDER BY convert(channel_name using gbk) asc,channel_id desc LIMIT 1000  
[2017-01-16 17:05:04] /shop/index.php?act=goods&op=index&goods_id=104651 ( act=goods&op=index ) 
ERR: Db Error: Table 'gt.az_web_channel' doesn't exist
SELECT * FROM `az_web_channel` WHERE ( channel_show = '1' ) ORDER BY convert(channel_name using gbk) asc,channel_id desc LIMIT 1000  
[2017-01-16 17:05:05] /shop/index.php?act=show_store&op=ajax_flowstat_record&store_id=7&goods_id=104651&act_param=goods&op_param=index ( act=show_store&op=ajax_flowstat_record ) 
ERR: Db Error: Table 'gt.az_web_channel' doesn't exist
SELECT * FROM `az_web_channel` WHERE ( channel_show = '1' ) ORDER BY convert(channel_name using gbk) asc,channel_id desc LIMIT 1000  
[2017-01-16 17:05:05] /shop/index.php?act=goods&op=addbrowse&gid=104651 ( act=goods&op=addbrowse ) 
ERR: Db Error: Table 'gt.az_web_channel' doesn't exist
SELECT * FROM `az_web_channel` WHERE ( channel_show = '1' ) ORDER BY convert(channel_name using gbk) asc,channel_id desc LIMIT 1000  
[2017-01-16 17:05:05] /shop/index.php?act=compare&op=checkcompare ( act=compare&op=checkcompare ) 
ERR: Db Error: Table 'gt.az_web_channel' doesn't exist
SELECT * FROM `az_web_channel` WHERE ( channel_show = '1' ) ORDER BY convert(channel_name using gbk) asc,channel_id desc LIMIT 1000  
[2017-01-16 17:05:05] /shop/index.js.map ( act=index&op=index ) 
ERR: Db Error: Table 'gt.az_web_channel' doesn't exist
SELECT * FROM `az_web_channel` WHERE ( channel_show = '1' ) ORDER BY convert(channel_name using gbk) asc,channel_id desc LIMIT 1000  
[2017-01-16 17:05:57] /shop/index.php?act=goods&op=index&goods_id=104651 ( act=goods&op=index ) 
ERR: Db Error: Table 'gt.az_web_channel' doesn't exist
SELECT * FROM `az_web_channel` WHERE ( channel_show = '1' ) ORDER BY convert(channel_name using gbk) asc,channel_id desc LIMIT 1000  
[2017-01-16 17:05:58] /shop/index.php?act=show_store&op=ajax_flowstat_record&store_id=7&goods_id=104651&act_param=goods&op_param=index ( act=show_store&op=ajax_flowstat_record ) 
ERR: Db Error: Table 'gt.az_web_channel' doesn't exist
SELECT * FROM `az_web_channel` WHERE ( channel_show = '1' ) ORDER BY convert(channel_name using gbk) asc,channel_id desc LIMIT 1000  
[2017-01-16 17:05:58] /shop/index.php?act=goods&op=addbrowse&gid=104651 ( act=goods&op=addbrowse ) 
ERR: Db Error: Table 'gt.az_web_channel' doesn't exist
SELECT * FROM `az_web_channel` WHERE ( channel_show = '1' ) ORDER BY convert(channel_name using gbk) asc,channel_id desc LIMIT 1000  
[2017-01-16 17:05:58] /shop/index.php?act=compare&op=checkcompare ( act=compare&op=checkcompare ) 
ERR: Db Error: Table 'gt.az_web_channel' doesn't exist
SELECT * FROM `az_web_channel` WHERE ( channel_show = '1' ) ORDER BY convert(channel_name using gbk) asc,channel_id desc LIMIT 1000  
[2017-01-16 17:05:59] /shop/index.js.map ( act=index&op=index ) 
ERR: Db Error: Table 'gt.az_web_channel' doesn't exist
SELECT * FROM `az_web_channel` WHERE ( channel_show = '1' ) ORDER BY convert(channel_name using gbk) asc,channel_id desc LIMIT 1000  
[2017-01-16 17:06:18] /shop/index.php?act=goods&op=index&goods_id=104651 ( act=goods&op=index ) 
ERR: Db Error: Table 'gt.az_web_channel' doesn't exist
SELECT * FROM `az_web_channel` WHERE ( channel_show = '1' ) ORDER BY convert(channel_name using gbk) asc,channel_id desc LIMIT 1000  
[2017-01-16 17:06:18] /shop/index.php?act=show_store&op=ajax_flowstat_record&store_id=7&goods_id=104651&act_param=goods&op_param=index ( act=show_store&op=ajax_flowstat_record ) 
ERR: Db Error: Table 'gt.az_web_channel' doesn't exist
SELECT * FROM `az_web_channel` WHERE ( channel_show = '1' ) ORDER BY convert(channel_name using gbk) asc,channel_id desc LIMIT 1000  
[2017-01-16 17:06:18] /shop/index.php?act=goods&op=addbrowse&gid=104651 ( act=goods&op=addbrowse ) 
ERR: Db Error: Table 'gt.az_web_channel' doesn't exist
SELECT * FROM `az_web_channel` WHERE ( channel_show = '1' ) ORDER BY convert(channel_name using gbk) asc,channel_id desc LIMIT 1000  
[2017-01-16 17:06:19] /shop/index.php?act=compare&op=checkcompare ( act=compare&op=checkcompare ) 
ERR: Db Error: Table 'gt.az_web_channel' doesn't exist
SELECT * FROM `az_web_channel` WHERE ( channel_show = '1' ) ORDER BY convert(channel_name using gbk) asc,channel_id desc LIMIT 1000  
[2017-01-16 17:06:19] /shop/index.js.map ( act=index&op=index ) 
ERR: Db Error: Table 'gt.az_web_channel' doesn't exist
SELECT * FROM `az_web_channel` WHERE ( channel_show = '1' ) ORDER BY convert(channel_name using gbk) asc,channel_id desc LIMIT 1000  
[2017-01-16 17:06:22] /shop/undefined ( act=index&op=index ) 
ERR: Db Error: Table 'gt.az_web_channel' doesn't exist
SELECT * FROM `az_web_channel` WHERE ( channel_show = '1' ) ORDER BY convert(channel_name using gbk) asc,channel_id desc LIMIT 1000  
[2017-01-16 17:06:24] /shop/undefined ( act=index&op=index ) 
ERR: Db Error: Table 'gt.az_web_channel' doesn't exist
SELECT * FROM `az_web_channel` WHERE ( channel_show = '1' ) ORDER BY convert(channel_name using gbk) asc,channel_id desc LIMIT 1000  
[2017-01-16 17:13:20] /shop/index.php?act=goods&op=index&goods_id=104651 ( act=goods&op=index ) 
ERR: Db Error: Table 'gt.az_web_channel' doesn't exist
SELECT * FROM `az_web_channel` WHERE ( channel_show = '1' ) ORDER BY convert(channel_name using gbk) asc,channel_id desc LIMIT 1000  
[2017-01-16 17:13:21] /shop/index.php?act=show_store&op=ajax_flowstat_record&store_id=7&goods_id=104651&act_param=goods&op_param=index ( act=show_store&op=ajax_flowstat_record ) 
ERR: Db Error: Table 'gt.az_web_channel' doesn't exist
SELECT * FROM `az_web_channel` WHERE ( channel_show = '1' ) ORDER BY convert(channel_name using gbk) asc,channel_id desc LIMIT 1000  
[2017-01-16 17:13:21] /shop/index.js.map ( act=index&op=index ) 
ERR: Db Error: Table 'gt.az_web_channel' doesn't exist
SELECT * FROM `az_web_channel` WHERE ( channel_show = '1' ) ORDER BY convert(channel_name using gbk) asc,channel_id desc LIMIT 1000  
[2017-01-16 17:13:22] /shop/index.php?act=goods&op=addbrowse&gid=104651 ( act=goods&op=addbrowse ) 
ERR: Db Error: Table 'gt.az_web_channel' doesn't exist
SELECT * FROM `az_web_channel` WHERE ( channel_show = '1' ) ORDER BY convert(channel_name using gbk) asc,channel_id desc LIMIT 1000  
[2017-01-16 17:13:22] /shop/index.php?act=compare&op=checkcompare ( act=compare&op=checkcompare ) 
ERR: Db Error: Table 'gt.az_web_channel' doesn't exist
SELECT * FROM `az_web_channel` WHERE ( channel_show = '1' ) ORDER BY convert(channel_name using gbk) asc,channel_id desc LIMIT 1000  
[2017-01-16 17:13:28] /shop/undefined ( act=index&op=index ) 
ERR: Db Error: Table 'gt.az_web_channel' doesn't exist
SELECT * FROM `az_web_channel` WHERE ( channel_show = '1' ) ORDER BY convert(channel_name using gbk) asc,channel_id desc LIMIT 1000  
[2017-01-16 17:13:31] /shop/undefined ( act=index&op=index ) 
ERR: Db Error: Table 'gt.az_web_channel' doesn't exist
SELECT * FROM `az_web_channel` WHERE ( channel_show = '1' ) ORDER BY convert(channel_name using gbk) asc,channel_id desc LIMIT 1000  
[2017-01-16 17:32:54] /shop/ ( act=index&op=index ) 
ERR: Db Error: Table 'gt.az_web_channel' doesn't exist
SELECT * FROM `az_web_channel` WHERE ( channel_show = '1' ) ORDER BY convert(channel_name using gbk) asc,channel_id desc LIMIT 1000  
[2017-01-16 17:32:54] /shop/index.js.map ( act=index&op=index ) 
ERR: Db Error: Table 'gt.az_web_channel' doesn't exist
SELECT * FROM `az_web_channel` WHERE ( channel_show = '1' ) ORDER BY convert(channel_name using gbk) asc,channel_id desc LIMIT 1000  
[2017-01-16 17:33:00] /shop/ ( act=index&op=index ) 
ERR: Db Error: Table 'gt.az_web_channel' doesn't exist
SELECT * FROM `az_web_channel` WHERE ( channel_show = '1' ) ORDER BY convert(channel_name using gbk) asc,channel_id desc LIMIT 1000  
[2017-01-16 17:33:54] /shop/ ( act=index&op=index ) 
ERR: Db Error: Table 'gt.az_web_channel' doesn't exist
SELECT * FROM `az_web_channel` WHERE ( channel_show = '1' ) ORDER BY convert(channel_name using gbk) asc,channel_id desc LIMIT 1000  
[2017-01-16 17:34:01] /shop/index.php?act=goods&op=index&goods_id=104651 ( act=goods&op=index ) 
ERR: Db Error: Table 'gt.az_web_channel' doesn't exist
SELECT * FROM `az_web_channel` WHERE ( channel_show = '1' ) ORDER BY convert(channel_name using gbk) asc,channel_id desc LIMIT 1000  
[2017-01-16 17:34:01] /shop/index.php?act=show_store&op=ajax_flowstat_record&store_id=7&goods_id=104651&act_param=goods&op_param=index ( act=show_store&op=ajax_flowstat_record ) 
ERR: Db Error: Table 'gt.az_web_channel' doesn't exist
SELECT * FROM `az_web_channel` WHERE ( channel_show = '1' ) ORDER BY convert(channel_name using gbk) asc,channel_id desc LIMIT 1000  
[2017-01-16 17:34:02] /shop/index.php?act=goods&op=addbrowse&gid=104651 ( act=goods&op=addbrowse ) 
ERR: Db Error: Table 'gt.az_web_channel' doesn't exist
SELECT * FROM `az_web_channel` WHERE ( channel_show = '1' ) ORDER BY convert(channel_name using gbk) asc,channel_id desc LIMIT 1000  
[2017-01-16 17:34:02] /shop/index.php?act=compare&op=checkcompare ( act=compare&op=checkcompare ) 
ERR: Db Error: Table 'gt.az_web_channel' doesn't exist
SELECT * FROM `az_web_channel` WHERE ( channel_show = '1' ) ORDER BY convert(channel_name using gbk) asc,channel_id desc LIMIT 1000  
[2017-01-16 17:42:18] /shop/undefined ( act=index&op=index ) 
ERR: Db Error: Table 'gt.az_web_channel' doesn't exist
SELECT * FROM `az_web_channel` WHERE ( channel_show = '1' ) ORDER BY convert(channel_name using gbk) asc,channel_id desc LIMIT 1000  
[2017-01-16 17:43:32] /shop/index.php?act=goods&op=index&goods_id=104651 ( act=goods&op=index ) 
ERR: Db Error: Table 'gt.az_web_channel' doesn't exist
SELECT * FROM `az_web_channel` WHERE ( channel_show = '1' ) ORDER BY convert(channel_name using gbk) asc,channel_id desc LIMIT 1000  
[2017-01-16 17:43:33] /shop/index.php?act=show_store&op=ajax_flowstat_record&store_id=7&goods_id=104651&act_param=goods&op_param=index ( act=show_store&op=ajax_flowstat_record ) 
ERR: Db Error: Table 'gt.az_web_channel' doesn't exist
SELECT * FROM `az_web_channel` WHERE ( channel_show = '1' ) ORDER BY convert(channel_name using gbk) asc,channel_id desc LIMIT 1000  
[2017-01-16 17:43:34] /shop/index.php?act=goods&op=addbrowse&gid=104651 ( act=goods&op=addbrowse ) 
ERR: Db Error: Table 'gt.az_web_channel' doesn't exist
SELECT * FROM `az_web_channel` WHERE ( channel_show = '1' ) ORDER BY convert(channel_name using gbk) asc,channel_id desc LIMIT 1000  
[2017-01-16 17:43:34] /shop/index.php?act=compare&op=checkcompare ( act=compare&op=checkcompare ) 
ERR: Db Error: Table 'gt.az_web_channel' doesn't exist
SELECT * FROM `az_web_channel` WHERE ( channel_show = '1' ) ORDER BY convert(channel_name using gbk) asc,channel_id desc LIMIT 1000  
[2017-01-16 17:43:36] /shop/undefined ( act=index&op=index ) 
ERR: Db Error: Table 'gt.az_web_channel' doesn't exist
SELECT * FROM `az_web_channel` WHERE ( channel_show = '1' ) ORDER BY convert(channel_name using gbk) asc,channel_id desc LIMIT 1000  
