[2017-01-18 08:58:10] /wap_shop/index.php?act=show_store&op=index&store_id=7 ( act=show_store&op=index ) 
ERR: Db Error: Unknown column 'b.goods_desc' in 'field list'
SELECT a.goods_id,a.goods_price,a.goods_marketprice,a.goods_salenum,a.goods_name,a.goods_jingle,a.goods_image,a.like_num,b.goods_desc,(ACOS(SIN((25.04915310 * 3.1415926535898) / 180 ) *SIN((b.latitude * 3.1415926535898) / 180 ) +COS((25.04915310 * 3.1415926535898) / 180 ) * COS((b.latitude * 3.1415926535898) / 180 ) *COS((102.71460114 * 3.1415926535898) / 180 - (b.longitude * 3.1415926535898) / 180 ) ) * 6367000) as distance FROM az_goods AS a LEFT JOIN az_goods_common as b ON(a.goods_commonid = b.goods_commonid) WHERE  a.goods_commend = 1 AND a.goods_state = 1 AND a.goods_verify = 1 AND a.store_id = 7 AND a.gc_id = 1119 ORDER BY distance ASC LIMIT 0,5
[2017-01-18 08:58:10] /wap_shop/index.php?act=show_store&op=index&store_id=7 ( act=show_store&op=index ) 
ERR: Db Error: Unknown column 'b.goods_desc' in 'field list'
SELECT a.goods_id,a.goods_price,a.goods_marketprice,a.goods_salenum,a.goods_name,a.goods_jingle,a.goods_image,a.like_num,b.goods_desc,(ACOS(SIN((25.04915310 * 3.1415926535898) / 180 ) *SIN((b.latitude * 3.1415926535898) / 180 ) +COS((25.04915310 * 3.1415926535898) / 180 ) * COS((b.latitude * 3.1415926535898) / 180 ) *COS((102.71460114 * 3.1415926535898) / 180 - (b.longitude * 3.1415926535898) / 180 ) ) * 6367000) as distance FROM az_goods AS a LEFT JOIN az_goods_common as b ON(a.goods_commonid = b.goods_commonid) WHERE  a.goods_commend = 1 AND a.goods_state = 1 AND a.goods_verify = 1 AND a.store_id = 7 AND a.gc_id = 1120 ORDER BY distance ASC LIMIT 0,5
[2017-01-18 08:58:10] /wap_shop/index.php?act=show_store&op=index&store_id=7 ( act=show_store&op=index ) 
ERR: Db Error: Unknown column 'b.goods_desc' in 'field list'
SELECT a.goods_id,a.goods_price,a.goods_marketprice,a.goods_salenum,a.goods_name,a.goods_jingle,a.goods_image,a.like_num,b.goods_desc,(ACOS(SIN((25.04915310 * 3.1415926535898) / 180 ) *SIN((b.latitude * 3.1415926535898) / 180 ) +COS((25.04915310 * 3.1415926535898) / 180 ) * COS((b.latitude * 3.1415926535898) / 180 ) *COS((102.71460114 * 3.1415926535898) / 180 - (b.longitude * 3.1415926535898) / 180 ) ) * 6367000) as distance FROM az_goods AS a LEFT JOIN az_goods_common as b ON(a.goods_commonid = b.goods_commonid) WHERE  a.goods_commend = 1 AND a.goods_state = 1 AND a.goods_verify = 1 AND a.store_id = 7 AND a.gc_id = 1121 ORDER BY distance ASC LIMIT 0,5
[2017-01-18 08:58:10] /wap_shop/index.php?act=show_store&op=index&store_id=7 ( act=show_store&op=index ) 
ERR: Db Error: Unknown column 'b.goods_desc' in 'field list'
SELECT a.goods_id,a.goods_price,a.goods_marketprice,a.goods_salenum,a.goods_name,a.goods_jingle,a.goods_image,a.like_num,b.goods_desc,(ACOS(SIN((25.04915310 * 3.1415926535898) / 180 ) *SIN((b.latitude * 3.1415926535898) / 180 ) +COS((25.04915310 * 3.1415926535898) / 180 ) * COS((b.latitude * 3.1415926535898) / 180 ) *COS((102.71460114 * 3.1415926535898) / 180 - (b.longitude * 3.1415926535898) / 180 ) ) * 6367000) as distance FROM az_goods AS a LEFT JOIN az_goods_common as b ON(a.goods_commonid = b.goods_commonid) WHERE  a.goods_commend = 1 AND a.goods_state = 1 AND a.goods_verify = 1 AND a.store_id = 7 AND a.gc_id = 1122 ORDER BY distance ASC LIMIT 0,5
[2017-01-18 08:58:10] /wap_shop/index.php?act=show_store&op=index&store_id=7 ( act=show_store&op=index ) 
ERR: Db Error: Unknown column 'b.goods_desc' in 'field list'
SELECT a.goods_id,a.goods_price,a.goods_marketprice,a.goods_salenum,a.goods_name,a.goods_jingle,a.goods_image,a.like_num,b.goods_desc,(ACOS(SIN((25.04915310 * 3.1415926535898) / 180 ) *SIN((b.latitude * 3.1415926535898) / 180 ) +COS((25.04915310 * 3.1415926535898) / 180 ) * COS((b.latitude * 3.1415926535898) / 180 ) *COS((102.71460114 * 3.1415926535898) / 180 - (b.longitude * 3.1415926535898) / 180 ) ) * 6367000) as distance FROM az_goods AS a LEFT JOIN az_goods_common as b ON(a.goods_commonid = b.goods_commonid) WHERE  a.goods_commend = 1 AND a.goods_state = 1 AND a.goods_verify = 1 AND a.store_id = 7 AND a.gc_id = 1123 ORDER BY distance ASC LIMIT 0,5
[2017-01-18 08:58:10] /wap_shop/index.php?act=show_store&op=index&store_id=7 ( act=show_store&op=index ) 
ERR: Db Error: Unknown column 'is_recommend' in 'where clause'
SELECT * FROM `az_videos` WHERE ( is_recommend = '1' ) ORDER BY videos_id asc LIMIT 2  
[2017-01-18 09:48:03] /shop/undefined ( act=index&op=index ) 
ERR: Db Error: Table 'gt.az_web_channel' doesn't exist
SELECT * FROM `az_web_channel` WHERE ( channel_show = '1' ) ORDER BY convert(channel_name using gbk) asc,channel_id desc LIMIT 1000  
[2017-01-18 09:49:43] /shop/ ( act=index&op=index ) 
ERR: Db Error: Table 'gt.az_web_channel' doesn't exist
SELECT * FROM `az_web_channel` WHERE ( channel_show = '1' ) ORDER BY convert(channel_name using gbk) asc,channel_id desc LIMIT 1000  
[2017-01-18 09:49:58] /shop/index.php?act=login&op=register&ref_url= ( act=login&op=register ) 
ERR: Db Error: Table 'gt.az_web_channel' doesn't exist
SELECT * FROM `az_web_channel` WHERE ( channel_show = '1' ) ORDER BY convert(channel_name using gbk) asc,channel_id desc LIMIT 1000  
[2017-01-18 09:50:08] /shop/index.php?act=login&op=check_member&column=ok&user_name=user002 ( act=login&op=check_member ) 
ERR: Db Error: Table 'gt.az_web_channel' doesn't exist
SELECT * FROM `az_web_channel` WHERE ( channel_show = '1' ) ORDER BY convert(channel_name using gbk) asc,channel_id desc LIMIT 1000  
[2017-01-18 09:50:13] /shop/index.php?act=login&op=check_email&email=user002%40qq.com ( act=login&op=check_email ) 
ERR: Db Error: Table 'gt.az_web_channel' doesn't exist
SELECT * FROM `az_web_channel` WHERE ( channel_show = '1' ) ORDER BY convert(channel_name using gbk) asc,channel_id desc LIMIT 1000  
[2017-01-18 09:50:17] /shop/index.php?act=login&op=usersave ( act=login&op=usersave ) 
ERR: Db Error: Table 'gt.az_web_channel' doesn't exist
SELECT * FROM `az_web_channel` WHERE ( channel_show = '1' ) ORDER BY convert(channel_name using gbk) asc,channel_id desc LIMIT 1000  
[2017-01-18 09:50:17] /shop/index.php?act=member_information&op=member ( act=member_information&op=member ) 
ERR: Db Error: Table 'gt.az_web_channel' doesn't exist
SELECT * FROM `az_web_channel` WHERE ( channel_show = '1' ) ORDER BY convert(channel_name using gbk) asc,channel_id desc LIMIT 1000  
[2017-01-18 09:51:45] /shop/undefined ( act=index&op=index ) 
ERR: Db Error: Table 'gt.az_web_channel' doesn't exist
SELECT * FROM `az_web_channel` WHERE ( channel_show = '1' ) ORDER BY convert(channel_name using gbk) asc,channel_id desc LIMIT 1000  
[2017-01-18 09:51:47] /shop/undefined ( act=index&op=index ) 
ERR: Db Error: Table 'gt.az_web_channel' doesn't exist
SELECT * FROM `az_web_channel` WHERE ( channel_show = '1' ) ORDER BY convert(channel_name using gbk) asc,channel_id desc LIMIT 1000  
[2017-01-18 09:51:48] /shop/undefined ( act=index&op=index ) 
ERR: Db Error: Table 'gt.az_web_channel' doesn't exist
SELECT * FROM `az_web_channel` WHERE ( channel_show = '1' ) ORDER BY convert(channel_name using gbk) asc,channel_id desc LIMIT 1000  
[2017-01-18 09:51:49] /shop/undefined ( act=index&op=index ) 
ERR: Db Error: Table 'gt.az_web_channel' doesn't exist
SELECT * FROM `az_web_channel` WHERE ( channel_show = '1' ) ORDER BY convert(channel_name using gbk) asc,channel_id desc LIMIT 1000  
[2017-01-18 09:51:51] /shop/undefined ( act=index&op=index ) 
ERR: Db Error: Table 'gt.az_web_channel' doesn't exist
SELECT * FROM `az_web_channel` WHERE ( channel_show = '1' ) ORDER BY convert(channel_name using gbk) asc,channel_id desc LIMIT 1000  
[2017-01-18 09:51:58] /shop/undefined ( act=index&op=index ) 
ERR: Db Error: Table 'gt.az_web_channel' doesn't exist
SELECT * FROM `az_web_channel` WHERE ( channel_show = '1' ) ORDER BY convert(channel_name using gbk) asc,channel_id desc LIMIT 1000  
[2017-01-18 09:51:58] /shop/undefined ( act=index&op=index ) 
ERR: Db Error: Table 'gt.az_web_channel' doesn't exist
SELECT * FROM `az_web_channel` WHERE ( channel_show = '1' ) ORDER BY convert(channel_name using gbk) asc,channel_id desc LIMIT 1000  
[2017-01-18 09:53:07] /shop/undefined ( act=index&op=index ) 
ERR: Db Error: Table 'gt.az_web_channel' doesn't exist
SELECT * FROM `az_web_channel` WHERE ( channel_show = '1' ) ORDER BY convert(channel_name using gbk) asc,channel_id desc LIMIT 1000  
[2017-01-18 09:53:08] /shop/undefined ( act=index&op=index ) 
ERR: Db Error: Table 'gt.az_web_channel' doesn't exist
SELECT * FROM `az_web_channel` WHERE ( channel_show = '1' ) ORDER BY convert(channel_name using gbk) asc,channel_id desc LIMIT 1000  
[2017-01-18 10:14:23] /shop/ ( act=index&op=index ) 
ERR: Db Error: Table 'gt.az_web_channel' doesn't exist
SELECT * FROM `az_web_channel` WHERE ( channel_show = '1' ) ORDER BY convert(channel_name using gbk) asc,channel_id desc LIMIT 1000  
[2017-01-18 10:14:27] /shop/index.php?act=goods&op=index&goods_id=104651 ( act=goods&op=index ) 
ERR: Db Error: Table 'gt.az_web_channel' doesn't exist
SELECT * FROM `az_web_channel` WHERE ( channel_show = '1' ) ORDER BY convert(channel_name using gbk) asc,channel_id desc LIMIT 1000  
[2017-01-18 10:14:29] /shop/index.php?act=show_store&op=ajax_flowstat_record&store_id=7&goods_id=104651&act_param=goods&op_param=index ( act=show_store&op=ajax_flowstat_record ) 
ERR: Db Error: Table 'gt.az_web_channel' doesn't exist
SELECT * FROM `az_web_channel` WHERE ( channel_show = '1' ) ORDER BY convert(channel_name using gbk) asc,channel_id desc LIMIT 1000  
[2017-01-18 10:14:30] /shop/index.php?act=goods&op=addbrowse&gid=104651 ( act=goods&op=addbrowse ) 
ERR: Db Error: Table 'gt.az_web_channel' doesn't exist
SELECT * FROM `az_web_channel` WHERE ( channel_show = '1' ) ORDER BY convert(channel_name using gbk) asc,channel_id desc LIMIT 1000  
[2017-01-18 10:14:30] /shop/index.php?act=compare&op=checkcompare ( act=compare&op=checkcompare ) 
ERR: Db Error: Table 'gt.az_web_channel' doesn't exist
SELECT * FROM `az_web_channel` WHERE ( channel_show = '1' ) ORDER BY convert(channel_name using gbk) asc,channel_id desc LIMIT 1000  
[2017-01-18 10:14:38] /shop/undefined ( act=index&op=index ) 
ERR: Db Error: Table 'gt.az_web_channel' doesn't exist
SELECT * FROM `az_web_channel` WHERE ( channel_show = '1' ) ORDER BY convert(channel_name using gbk) asc,channel_id desc LIMIT 1000  
[2017-01-18 10:15:02] /shop/undefined ( act=index&op=index ) 
ERR: Db Error: Table 'gt.az_web_channel' doesn't exist
SELECT * FROM `az_web_channel` WHERE ( channel_show = '1' ) ORDER BY convert(channel_name using gbk) asc,channel_id desc LIMIT 1000  
[2017-01-18 10:15:36] /shop/index.php?act=goods&op=index&goods_id=104651 ( act=goods&op=index ) 
ERR: Db Error: Table 'gt.az_web_channel' doesn't exist
SELECT * FROM `az_web_channel` WHERE ( channel_show = '1' ) ORDER BY convert(channel_name using gbk) asc,channel_id desc LIMIT 1000  
[2017-01-18 10:15:37] /shop/index.php?act=show_store&op=ajax_flowstat_record&store_id=7&goods_id=104651&act_param=goods&op_param=index ( act=show_store&op=ajax_flowstat_record ) 
ERR: Db Error: Table 'gt.az_web_channel' doesn't exist
SELECT * FROM `az_web_channel` WHERE ( channel_show = '1' ) ORDER BY convert(channel_name using gbk) asc,channel_id desc LIMIT 1000  
[2017-01-18 10:15:37] /shop/index.php?act=goods&op=addbrowse&gid=104651 ( act=goods&op=addbrowse ) 
ERR: Db Error: Table 'gt.az_web_channel' doesn't exist
SELECT * FROM `az_web_channel` WHERE ( channel_show = '1' ) ORDER BY convert(channel_name using gbk) asc,channel_id desc LIMIT 1000  
[2017-01-18 10:15:37] /shop/index.php?act=compare&op=checkcompare ( act=compare&op=checkcompare ) 
ERR: Db Error: Table 'gt.az_web_channel' doesn't exist
SELECT * FROM `az_web_channel` WHERE ( channel_show = '1' ) ORDER BY convert(channel_name using gbk) asc,channel_id desc LIMIT 1000  
[2017-01-18 10:15:41] /shop/undefined ( act=index&op=index ) 
ERR: Db Error: Table 'gt.az_web_channel' doesn't exist
SELECT * FROM `az_web_channel` WHERE ( channel_show = '1' ) ORDER BY convert(channel_name using gbk) asc,channel_id desc LIMIT 1000  
[2017-01-18 10:15:51] /shop/undefined ( act=index&op=index ) 
ERR: Db Error: Table 'gt.az_web_channel' doesn't exist
SELECT * FROM `az_web_channel` WHERE ( channel_show = '1' ) ORDER BY convert(channel_name using gbk) asc,channel_id desc LIMIT 1000  
[2017-01-18 10:51:54] /shop/undefined ( act=index&op=index ) 
ERR: Db Error: Table 'gt.az_web_channel' doesn't exist
SELECT * FROM `az_web_channel` WHERE ( channel_show = '1' ) ORDER BY convert(channel_name using gbk) asc,channel_id desc LIMIT 1000  
[2017-01-18 11:23:14] /shop/undefined ( act=index&op=index ) 
ERR: Db Error: Table 'gt.az_web_channel' doesn't exist
SELECT * FROM `az_web_channel` WHERE ( channel_show = '1' ) ORDER BY convert(channel_name using gbk) asc,channel_id desc LIMIT 1000  
[2017-01-18 11:57:15] /shop/undefined ( act=index&op=index ) 
ERR: Db Error: Table 'gt.az_web_channel' doesn't exist
SELECT * FROM `az_web_channel` WHERE ( channel_show = '1' ) ORDER BY convert(channel_name using gbk) asc,channel_id desc LIMIT 1000  
[2017-01-18 11:57:28] /shop/undefined ( act=index&op=index ) 
ERR: Db Error: Table 'gt.az_web_channel' doesn't exist
SELECT * FROM `az_web_channel` WHERE ( channel_show = '1' ) ORDER BY convert(channel_name using gbk) asc,channel_id desc LIMIT 1000  
[2017-01-18 12:03:34] /shop/undefined ( act=index&op=index ) 
ERR: Db Error: Table 'gt.az_web_channel' doesn't exist
SELECT * FROM `az_web_channel` WHERE ( channel_show = '1' ) ORDER BY convert(channel_name using gbk) asc,channel_id desc LIMIT 1000  
[2017-01-18 13:45:13] /shop/undefined ( act=index&op=index ) 
ERR: Db Error: Table 'gt.az_web_channel' doesn't exist
SELECT * FROM `az_web_channel` WHERE ( channel_show = '1' ) ORDER BY convert(channel_name using gbk) asc,channel_id desc LIMIT 1000  
[2017-01-18 13:45:21] /shop/undefined ( act=index&op=index ) 
ERR: Db Error: Table 'gt.az_web_channel' doesn't exist
SELECT * FROM `az_web_channel` WHERE ( channel_show = '1' ) ORDER BY convert(channel_name using gbk) asc,channel_id desc LIMIT 1000  
[2017-01-18 16:16:57] /shop/undefined ( act=index&op=index ) 
ERR: Db Error: Table 'gt.az_web_channel' doesn't exist
SELECT * FROM `az_web_channel` WHERE ( channel_show = '1' ) ORDER BY convert(channel_name using gbk) asc,channel_id desc LIMIT 1000  
[2017-01-18 17:24:18] /shop/undefined ( act=index&op=index ) 
ERR: Db Error: Table 'gt.az_web_channel' doesn't exist
SELECT * FROM `az_web_channel` WHERE ( channel_show = '1' ) ORDER BY convert(channel_name using gbk) asc,channel_id desc LIMIT 1000  
[2017-01-18 17:24:21] /shop/undefined ( act=index&op=index ) 
ERR: Db Error: Table 'gt.az_web_channel' doesn't exist
SELECT * FROM `az_web_channel` WHERE ( channel_show = '1' ) ORDER BY convert(channel_name using gbk) asc,channel_id desc LIMIT 1000  
[2017-01-18 17:24:43] /shop/undefined ( act=index&op=index ) 
ERR: Db Error: Table 'gt.az_web_channel' doesn't exist
SELECT * FROM `az_web_channel` WHERE ( channel_show = '1' ) ORDER BY convert(channel_name using gbk) asc,channel_id desc LIMIT 1000  
[2017-01-18 17:41:25] /shop/NODE_SITE_URL/socket.io/socket.io.js?_=1484732485806 ( act=index&op=index ) 
ERR: Db Error: Table 'gt.az_web_channel' doesn't exist
SELECT * FROM `az_web_channel` WHERE ( channel_show = '1' ) ORDER BY convert(channel_name using gbk) asc,channel_id desc LIMIT 1000  
[2017-01-18 17:41:38] /shop/NODE_SITE_URL/socket.io/socket.io.js?_=1484732498355 ( act=index&op=index ) 
ERR: Db Error: Table 'gt.az_web_channel' doesn't exist
SELECT * FROM `az_web_channel` WHERE ( channel_show = '1' ) ORDER BY convert(channel_name using gbk) asc,channel_id desc LIMIT 1000  
[2017-01-18 17:41:44] /shop/NODE_SITE_URL/socket.io/socket.io.js?_=1484732498355 ( act=index&op=index ) 
ERR: Db Error: Table 'gt.az_web_channel' doesn't exist
SELECT * FROM `az_web_channel` WHERE ( channel_show = '1' ) ORDER BY convert(channel_name using gbk) asc,channel_id desc LIMIT 1000  
[2017-01-18 18:08:32] /shop/ ( act=index&op=index ) 
ERR: Db Error: Table 'gt.az_web_channel' doesn't exist
SELECT * FROM `az_web_channel` WHERE ( channel_show = '1' ) ORDER BY convert(channel_name using gbk) asc,channel_id desc LIMIT 1000  
