2015-12-05 11:35:35
<xml><ToUserName><![CDATA[gh_3bb47c7e2f9d]]></ToUserName><FromUserName><![CDATA[ocuxlxEkoyzYVxnVoj3Dc3AS5xgw]]></FromUserName><CreateTime>1449114830</CreateTime><MsgType><![CDATA[event]]></MsgType><Event><![CDATA[subscribe]]></Event><EventKey><![CDATA[Array]]></EventKey></xml>
2015-12-05 11:35:35
<xml><ToUserName><![CDATA[gh_3bb47c7e2f9d]]></ToUserName><FromUserName><![CDATA[ocuxlxEkoyzYVxnVoj3Dc3AS5xgw]]></FromUserName><CreateTime>1449114830</CreateTime><MsgType><![CDATA[event]]></MsgType><Event><![CDATA[subscribe]]></Event><EventKey><![CDATA[Array]]></EventKey></xml>
2015-12-05 11:36:01
<xml><ToUserName><![CDATA[gh_3bb47c7e2f9d]]></ToUserName><FromUserName><![CDATA[ocuxlxEkoyzYVxnVoj3Dc3AS5xgw]]></FromUserName><CreateTime>1449114830</CreateTime><MsgType><![CDATA[event]]></MsgType><Event><![CDATA[subscribe]]></Event><EventKey><![CDATA[Array]]></EventKey></xml>
2015-12-05 11:36:01
<xml><ToUserName><![CDATA[gh_3bb47c7e2f9d]]></ToUserName><FromUserName><![CDATA[ocuxlxEkoyzYVxnVoj3Dc3AS5xgw]]></FromUserName><CreateTime>1449114830</CreateTime><MsgType><![CDATA[event]]></MsgType><Event><![CDATA[subscribe]]></Event><EventKey><![CDATA[Array]]></EventKey></xml>
2015-12-05 11:36:03
<xml><ToUserName><![CDATA[gh_3bb47c7e2f9d]]></ToUserName><FromUserName><![CDATA[ocuxlxEkoyzYVxnVoj3Dc3AS5xgw]]></FromUserName><CreateTime>1449114830</CreateTime><MsgType><![CDATA[event]]></MsgType><Event><![CDATA[subscribe]]></Event><EventKey><![CDATA[Array]]></EventKey></xml>
2015-12-05 11:36:03
<xml><ToUserName><![CDATA[gh_3bb47c7e2f9d]]></ToUserName><FromUserName><![CDATA[ocuxlxEkoyzYVxnVoj3Dc3AS5xgw]]></FromUserName><CreateTime>1449114830</CreateTime><MsgType><![CDATA[event]]></MsgType><Event><![CDATA[subscribe]]></Event><EventKey><![CDATA[Array]]></EventKey></xml>
2015-12-05 11:36:03
<xml><ToUserName><![CDATA[gh_3bb47c7e2f9d]]></ToUserName><FromUserName><![CDATA[ocuxlxEkoyzYVxnVoj3Dc3AS5xgw]]></FromUserName><CreateTime>1449114830</CreateTime><MsgType><![CDATA[event]]></MsgType><Event><![CDATA[subscribe]]></Event><EventKey><![CDATA[Array]]></EventKey></xml>
2015-12-05 11:36:03
<xml><ToUserName><![CDATA[gh_3bb47c7e2f9d]]></ToUserName><FromUserName><![CDATA[ocuxlxEkoyzYVxnVoj3Dc3AS5xgw]]></FromUserName><CreateTime>1449114830</CreateTime><MsgType><![CDATA[event]]></MsgType><Event><![CDATA[subscribe]]></Event><EventKey><![CDATA[Array]]></EventKey></xml>
2015-12-05 11:36:03
<xml><ToUserName><![CDATA[gh_3bb47c7e2f9d]]></ToUserName><FromUserName><![CDATA[ocuxlxEkoyzYVxnVoj3Dc3AS5xgw]]></FromUserName><CreateTime>1449114830</CreateTime><MsgType><![CDATA[event]]></MsgType><Event><![CDATA[subscribe]]></Event><EventKey><![CDATA[Array]]></EventKey></xml>
2015-12-05 11:36:03
<xml><ToUserName><![CDATA[gh_3bb47c7e2f9d]]></ToUserName><FromUserName><![CDATA[ocuxlxEkoyzYVxnVoj3Dc3AS5xgw]]></FromUserName><CreateTime>1449114830</CreateTime><MsgType><![CDATA[event]]></MsgType><Event><![CDATA[subscribe]]></Event><EventKey><![CDATA[Array]]></EventKey></xml>
2015-12-05 11:36:04
<xml><ToUserName><![CDATA[gh_3bb47c7e2f9d]]></ToUserName><FromUserName><![CDATA[ocuxlxEkoyzYVxnVoj3Dc3AS5xgw]]></FromUserName><CreateTime>1449114830</CreateTime><MsgType><![CDATA[event]]></MsgType><Event><![CDATA[subscribe]]></Event><EventKey><![CDATA[Array]]></EventKey></xml>
2015-12-05 11:36:04
<xml><ToUserName><![CDATA[gh_3bb47c7e2f9d]]></ToUserName><FromUserName><![CDATA[ocuxlxEkoyzYVxnVoj3Dc3AS5xgw]]></FromUserName><CreateTime>1449114830</CreateTime><MsgType><![CDATA[event]]></MsgType><Event><![CDATA[subscribe]]></Event><EventKey><![CDATA[Array]]></EventKey></xml>
2015-12-05 11:37:23
<xml><ToUserName><![CDATA[gh_3bb47c7e2f9d]]></ToUserName><FromUserName><![CDATA[ocuxlxEkoyzYVxnVoj3Dc3AS5xgw]]></FromUserName><CreateTime>1449114830</CreateTime><MsgType><![CDATA[event]]></MsgType><Event><![CDATA[subscribe]]></Event><EventKey><![CDATA[Array]]></EventKey></xml>
2015-12-05 11:37:23
<xml><ToUserName><![CDATA[gh_3bb47c7e2f9d]]></ToUserName><FromUserName><![CDATA[ocuxlxEkoyzYVxnVoj3Dc3AS5xgw]]></FromUserName><CreateTime>1449114830</CreateTime><MsgType><![CDATA[event]]></MsgType><Event><![CDATA[subscribe]]></Event><EventKey><![CDATA[Array]]></EventKey></xml>
2015-12-05 11:37:49
<xml><ToUserName><![CDATA[gh_3bb47c7e2f9d]]></ToUserName><FromUserName><![CDATA[ocuxlxEkoyzYVxnVoj3Dc3AS5xgw]]></FromUserName><CreateTime>1449114830</CreateTime><MsgType><![CDATA[event]]></MsgType><Event><![CDATA[subscribe]]></Event><EventKey><![CDATA[Array]]></EventKey></xml>
2015-12-05 11:37:49
<xml><ToUserName><![CDATA[gh_3bb47c7e2f9d]]></ToUserName><FromUserName><![CDATA[ocuxlxEkoyzYVxnVoj3Dc3AS5xgw]]></FromUserName><CreateTime>1449114830</CreateTime><MsgType><![CDATA[event]]></MsgType><Event><![CDATA[subscribe]]></Event><EventKey><![CDATA[Array]]></EventKey></xml>
2015-12-05 11:37:50
<xml><ToUserName><![CDATA[gh_3bb47c7e2f9d]]></ToUserName><FromUserName><![CDATA[ocuxlxEkoyzYVxnVoj3Dc3AS5xgw]]></FromUserName><CreateTime>1449114830</CreateTime><MsgType><![CDATA[event]]></MsgType><Event><![CDATA[subscribe]]></Event><EventKey><![CDATA[Array]]></EventKey></xml>
2015-12-05 11:37:50
<xml><ToUserName><![CDATA[gh_3bb47c7e2f9d]]></ToUserName><FromUserName><![CDATA[ocuxlxEkoyzYVxnVoj3Dc3AS5xgw]]></FromUserName><CreateTime>1449114830</CreateTime><MsgType><![CDATA[event]]></MsgType><Event><![CDATA[subscribe]]></Event><EventKey><![CDATA[Array]]></EventKey></xml>
2015-12-05 11:37:50
<xml><ToUserName><![CDATA[gh_3bb47c7e2f9d]]></ToUserName><FromUserName><![CDATA[ocuxlxEkoyzYVxnVoj3Dc3AS5xgw]]></FromUserName><CreateTime>1449114830</CreateTime><MsgType><![CDATA[event]]></MsgType><Event><![CDATA[subscribe]]></Event><EventKey><![CDATA[Array]]></EventKey></xml>
2015-12-05 11:37:50
<xml><ToUserName><![CDATA[gh_3bb47c7e2f9d]]></ToUserName><FromUserName><![CDATA[ocuxlxEkoyzYVxnVoj3Dc3AS5xgw]]></FromUserName><CreateTime>1449114830</CreateTime><MsgType><![CDATA[event]]></MsgType><Event><![CDATA[subscribe]]></Event><EventKey><![CDATA[Array]]></EventKey></xml>
2015-12-05 11:37:50
<xml><ToUserName><![CDATA[gh_3bb47c7e2f9d]]></ToUserName><FromUserName><![CDATA[ocuxlxEkoyzYVxnVoj3Dc3AS5xgw]]></FromUserName><CreateTime>1449114830</CreateTime><MsgType><![CDATA[event]]></MsgType><Event><![CDATA[subscribe]]></Event><EventKey><![CDATA[Array]]></EventKey></xml>
2015-12-05 11:37:50
<xml><ToUserName><![CDATA[gh_3bb47c7e2f9d]]></ToUserName><FromUserName><![CDATA[ocuxlxEkoyzYVxnVoj3Dc3AS5xgw]]></FromUserName><CreateTime>1449114830</CreateTime><MsgType><![CDATA[event]]></MsgType><Event><![CDATA[subscribe]]></Event><EventKey><![CDATA[Array]]></EventKey></xml>
2015-12-05 11:37:51
<xml><ToUserName><![CDATA[gh_3bb47c7e2f9d]]></ToUserName><FromUserName><![CDATA[ocuxlxEkoyzYVxnVoj3Dc3AS5xgw]]></FromUserName><CreateTime>1449114830</CreateTime><MsgType><![CDATA[event]]></MsgType><Event><![CDATA[subscribe]]></Event><EventKey><![CDATA[Array]]></EventKey></xml>
2015-12-05 11:37:51
<xml><ToUserName><![CDATA[gh_3bb47c7e2f9d]]></ToUserName><FromUserName><![CDATA[ocuxlxEkoyzYVxnVoj3Dc3AS5xgw]]></FromUserName><CreateTime>1449114830</CreateTime><MsgType><![CDATA[event]]></MsgType><Event><![CDATA[subscribe]]></Event><EventKey><![CDATA[Array]]></EventKey></xml>
2015-12-05 11:37:51
<xml><ToUserName><![CDATA[gh_3bb47c7e2f9d]]></ToUserName><FromUserName><![CDATA[ocuxlxEkoyzYVxnVoj3Dc3AS5xgw]]></FromUserName><CreateTime>1449114830</CreateTime><MsgType><![CDATA[event]]></MsgType><Event><![CDATA[subscribe]]></Event><EventKey><![CDATA[Array]]></EventKey></xml>
2015-12-05 11:37:51
<xml><ToUserName><![CDATA[gh_3bb47c7e2f9d]]></ToUserName><FromUserName><![CDATA[ocuxlxEkoyzYVxnVoj3Dc3AS5xgw]]></FromUserName><CreateTime>1449114830</CreateTime><MsgType><![CDATA[event]]></MsgType><Event><![CDATA[subscribe]]></Event><EventKey><![CDATA[Array]]></EventKey></xml>
2015-12-05 11:37:51
<xml><ToUserName><![CDATA[gh_3bb47c7e2f9d]]></ToUserName><FromUserName><![CDATA[ocuxlxEkoyzYVxnVoj3Dc3AS5xgw]]></FromUserName><CreateTime>1449114830</CreateTime><MsgType><![CDATA[event]]></MsgType><Event><![CDATA[subscribe]]></Event><EventKey><![CDATA[Array]]></EventKey></xml>
2015-12-05 11:37:51
<xml><ToUserName><![CDATA[gh_3bb47c7e2f9d]]></ToUserName><FromUserName><![CDATA[ocuxlxEkoyzYVxnVoj3Dc3AS5xgw]]></FromUserName><CreateTime>1449114830</CreateTime><MsgType><![CDATA[event]]></MsgType><Event><![CDATA[subscribe]]></Event><EventKey><![CDATA[Array]]></EventKey></xml>
2015-12-05 11:37:51
<xml><ToUserName><![CDATA[gh_3bb47c7e2f9d]]></ToUserName><FromUserName><![CDATA[ocuxlxEkoyzYVxnVoj3Dc3AS5xgw]]></FromUserName><CreateTime>1449114830</CreateTime><MsgType><![CDATA[event]]></MsgType><Event><![CDATA[subscribe]]></Event><EventKey><![CDATA[Array]]></EventKey></xml>
2015-12-05 11:37:51
<xml><ToUserName><![CDATA[gh_3bb47c7e2f9d]]></ToUserName><FromUserName><![CDATA[ocuxlxEkoyzYVxnVoj3Dc3AS5xgw]]></FromUserName><CreateTime>1449114830</CreateTime><MsgType><![CDATA[event]]></MsgType><Event><![CDATA[subscribe]]></Event><EventKey><![CDATA[Array]]></EventKey></xml>
2015-12-05 11:37:51
<xml><ToUserName><![CDATA[gh_3bb47c7e2f9d]]></ToUserName><FromUserName><![CDATA[ocuxlxEkoyzYVxnVoj3Dc3AS5xgw]]></FromUserName><CreateTime>1449114830</CreateTime><MsgType><![CDATA[event]]></MsgType><Event><![CDATA[subscribe]]></Event><EventKey><![CDATA[Array]]></EventKey></xml>
2015-12-05 11:37:51
<xml><ToUserName><![CDATA[gh_3bb47c7e2f9d]]></ToUserName><FromUserName><![CDATA[ocuxlxEkoyzYVxnVoj3Dc3AS5xgw]]></FromUserName><CreateTime>1449114830</CreateTime><MsgType><![CDATA[event]]></MsgType><Event><![CDATA[subscribe]]></Event><EventKey><![CDATA[Array]]></EventKey></xml>
2015-12-05 11:38:39
<xml><ToUserName><![CDATA[gh_3bb47c7e2f9d]]></ToUserName><FromUserName><![CDATA[ocuxlxEkoyzYVxnVoj3Dc3AS5xgw]]></FromUserName><CreateTime>1449114830</CreateTime><MsgType><![CDATA[event]]></MsgType><Event><![CDATA[subscribe]]></Event><EventKey><![CDATA[Array]]></EventKey></xml>
2015-12-05 11:38:39
<xml><ToUserName><![CDATA[gh_3bb47c7e2f9d]]></ToUserName><FromUserName><![CDATA[ocuxlxEkoyzYVxnVoj3Dc3AS5xgw]]></FromUserName><CreateTime>1449114830</CreateTime><MsgType><![CDATA[event]]></MsgType><Event><![CDATA[subscribe]]></Event><EventKey><![CDATA[Array]]></EventKey></xml>
2015-12-05 11:41:21
<xml><ToUserName><![CDATA[gh_3bb47c7e2f9d]]></ToUserName><FromUserName><![CDATA[ocuxlxEkoyzYVxnVoj3Dc3AS5xgw]]></FromUserName><CreateTime>1449114830</CreateTime><MsgType><![CDATA[event]]></MsgType><Event><![CDATA[subscribe]]></Event><EventKey><![CDATA[Array]]></EventKey></xml>
2015-12-05 11:41:21
<xml><ToUserName><![CDATA[gh_3bb47c7e2f9d]]></ToUserName><FromUserName><![CDATA[ocuxlxEkoyzYVxnVoj3Dc3AS5xgw]]></FromUserName><CreateTime>1449114830</CreateTime><MsgType><![CDATA[event]]></MsgType><Event><![CDATA[subscribe]]></Event><EventKey><![CDATA[Array]]></EventKey></xml>
2015-12-05 11:41:33
<xml><ToUserName><![CDATA[gh_3bb47c7e2f9d]]></ToUserName><FromUserName><![CDATA[ocuxlxEkoyzYVxnVoj3Dc3AS5xgw]]></FromUserName><CreateTime>1449114830</CreateTime><MsgType><![CDATA[event]]></MsgType><Event><![CDATA[subscribe]]></Event><EventKey><![CDATA[Array]]></EventKey></xml>
2015-12-05 11:41:33
<xml><ToUserName><![CDATA[gh_3bb47c7e2f9d]]></ToUserName><FromUserName><![CDATA[ocuxlxEkoyzYVxnVoj3Dc3AS5xgw]]></FromUserName><CreateTime>1449114830</CreateTime><MsgType><![CDATA[event]]></MsgType><Event><![CDATA[subscribe]]></Event><EventKey><![CDATA[Array]]></EventKey></xml>
2015-12-05 11:41:35
<xml><ToUserName><![CDATA[gh_3bb47c7e2f9d]]></ToUserName><FromUserName><![CDATA[ocuxlxEkoyzYVxnVoj3Dc3AS5xgw]]></FromUserName><CreateTime>1449114830</CreateTime><MsgType><![CDATA[event]]></MsgType><Event><![CDATA[subscribe]]></Event><EventKey><![CDATA[Array]]></EventKey></xml>
2015-12-05 11:41:35
<xml><ToUserName><![CDATA[gh_3bb47c7e2f9d]]></ToUserName><FromUserName><![CDATA[ocuxlxEkoyzYVxnVoj3Dc3AS5xgw]]></FromUserName><CreateTime>1449114830</CreateTime><MsgType><![CDATA[event]]></MsgType><Event><![CDATA[subscribe]]></Event><EventKey><![CDATA[Array]]></EventKey></xml>
2015-12-05 11:42:43
<xml><ToUserName><![CDATA[gh_3bb47c7e2f9d]]></ToUserName><FromUserName><![CDATA[ocuxlxEkoyzYVxnVoj3Dc3AS5xgw]]></FromUserName><CreateTime>1449114830</CreateTime><MsgType><![CDATA[event]]></MsgType><Event><![CDATA[subscribe]]></Event><EventKey><![CDATA[Array]]></EventKey></xml>
2015-12-05 11:42:43
<xml><ToUserName><![CDATA[gh_3bb47c7e2f9d]]></ToUserName><FromUserName><![CDATA[ocuxlxEkoyzYVxnVoj3Dc3AS5xgw]]></FromUserName><CreateTime>1449114830</CreateTime><MsgType><![CDATA[event]]></MsgType><Event><![CDATA[subscribe]]></Event><EventKey><![CDATA[Array]]></EventKey></xml>
2015-12-05 11:44:23
<xml><ToUserName><![CDATA[gh_3bb47c7e2f9d]]></ToUserName><FromUserName><![CDATA[ocuxlxEkoyzYVxnVoj3Dc3AS5xgw]]></FromUserName><CreateTime>1449114830</CreateTime><MsgType><![CDATA[event]]></MsgType><Event><![CDATA[subscribe]]></Event><EventKey><![CDATA[Array]]></EventKey></xml>
2015-12-05 11:44:23
<xml><ToUserName><![CDATA[gh_3bb47c7e2f9d]]></ToUserName><FromUserName><![CDATA[ocuxlxEkoyzYVxnVoj3Dc3AS5xgw]]></FromUserName><CreateTime>1449114830</CreateTime><MsgType><![CDATA[event]]></MsgType><Event><![CDATA[subscribe]]></Event><EventKey><![CDATA[Array]]></EventKey></xml>
2015-12-05 11:44:25
<xml><ToUserName><![CDATA[gh_3bb47c7e2f9d]]></ToUserName><FromUserName><![CDATA[ocuxlxEkoyzYVxnVoj3Dc3AS5xgw]]></FromUserName><CreateTime>1449114830</CreateTime><MsgType><![CDATA[event]]></MsgType><Event><![CDATA[subscribe]]></Event><EventKey><![CDATA[Array]]></EventKey></xml>
2015-12-05 11:44:25
<xml><ToUserName><![CDATA[gh_3bb47c7e2f9d]]></ToUserName><FromUserName><![CDATA[ocuxlxEkoyzYVxnVoj3Dc3AS5xgw]]></FromUserName><CreateTime>1449114830</CreateTime><MsgType><![CDATA[event]]></MsgType><Event><![CDATA[subscribe]]></Event><EventKey><![CDATA[Array]]></EventKey></xml>
2015-12-05 11:47:01
<xml><ToUserName><![CDATA[gh_3bb47c7e2f9d]]></ToUserName><FromUserName><![CDATA[ocuxlxEkoyzYVxnVoj3Dc3AS5xgw]]></FromUserName><CreateTime>1449114830</CreateTime><MsgType><![CDATA[event]]></MsgType><Event><![CDATA[subscribe]]></Event><EventKey><![CDATA[Array]]></EventKey></xml>
2015-12-05 11:47:01
<xml><ToUserName><![CDATA[gh_3bb47c7e2f9d]]></ToUserName><FromUserName><![CDATA[ocuxlxEkoyzYVxnVoj3Dc3AS5xgw]]></FromUserName><CreateTime>1449114830</CreateTime><MsgType><![CDATA[event]]></MsgType><Event><![CDATA[subscribe]]></Event><EventKey><![CDATA[Array]]></EventKey></xml>
2015-12-05 11:47:50
<xml><ToUserName><![CDATA[gh_3bb47c7e2f9d]]></ToUserName><FromUserName><![CDATA[ocuxlxEkoyzYVxnVoj3Dc3AS5xgw]]></FromUserName><CreateTime>1449114830</CreateTime><MsgType><![CDATA[event]]></MsgType><Event><![CDATA[subscribe]]></Event><EventKey><![CDATA[Array]]></EventKey></xml>
2015-12-05 11:47:50
<xml><ToUserName><![CDATA[gh_3bb47c7e2f9d]]></ToUserName><FromUserName><![CDATA[ocuxlxEkoyzYVxnVoj3Dc3AS5xgw]]></FromUserName><CreateTime>1449114830</CreateTime><MsgType><![CDATA[event]]></MsgType><Event><![CDATA[subscribe]]></Event><EventKey><![CDATA[Array]]></EventKey></xml>
2015-12-05 11:47:51
<xml><ToUserName><![CDATA[gh_3bb47c7e2f9d]]></ToUserName><FromUserName><![CDATA[ocuxlxEkoyzYVxnVoj3Dc3AS5xgw]]></FromUserName><CreateTime>1449114830</CreateTime><MsgType><![CDATA[event]]></MsgType><Event><![CDATA[subscribe]]></Event><EventKey><![CDATA[Array]]></EventKey></xml>
2015-12-05 11:47:51
<xml><ToUserName><![CDATA[gh_3bb47c7e2f9d]]></ToUserName><FromUserName><![CDATA[ocuxlxEkoyzYVxnVoj3Dc3AS5xgw]]></FromUserName><CreateTime>1449114830</CreateTime><MsgType><![CDATA[event]]></MsgType><Event><![CDATA[subscribe]]></Event><EventKey><![CDATA[Array]]></EventKey></xml>
2015-12-05 11:54:25
<xml><ToUserName><![CDATA[gh_3bb47c7e2f9d]]></ToUserName><FromUserName><![CDATA[ocuxlxEkoyzYVxnVoj3Dc3AS5xgw]]></FromUserName><CreateTime>1449114830</CreateTime><MsgType><![CDATA[event]]></MsgType><Event><![CDATA[subscribe]]></Event><EventKey><![CDATA[Array]]></EventKey></xml>
2015-12-05 11:54:25
<xml><ToUserName><![CDATA[gh_3bb47c7e2f9d]]></ToUserName><FromUserName><![CDATA[ocuxlxEkoyzYVxnVoj3Dc3AS5xgw]]></FromUserName><CreateTime>1449114830</CreateTime><MsgType><![CDATA[event]]></MsgType><Event><![CDATA[subscribe]]></Event><EventKey><![CDATA[Array]]></EventKey></xml>
2015-12-05 12:04:42
<xml><ToUserName><![CDATA[gh_3bb47c7e2f9d]]></ToUserName><FromUserName><![CDATA[ocuxlxEkoyzYVxnVoj3Dc3AS5xgw]]></FromUserName><CreateTime>1449114830</CreateTime><MsgType><![CDATA[event]]></MsgType><Event><![CDATA[subscribe]]></Event><EventKey><![CDATA[Array]]></EventKey></xml>
2015-12-05 12:04:42
<xml><ToUserName><![CDATA[gh_3bb47c7e2f9d]]></ToUserName><FromUserName><![CDATA[ocuxlxEkoyzYVxnVoj3Dc3AS5xgw]]></FromUserName><CreateTime>1449114830</CreateTime><MsgType><![CDATA[event]]></MsgType><Event><![CDATA[subscribe]]></Event><EventKey><![CDATA[Array]]></EventKey></xml>
2015-12-05 12:06:28
<xml><ToUserName><![CDATA[gh_3bb47c7e2f9d]]></ToUserName><FromUserName><![CDATA[ocuxlxEkoyzYVxnVoj3Dc3AS5xgw]]></FromUserName><CreateTime>1449114830</CreateTime><MsgType><![CDATA[event]]></MsgType><Event><![CDATA[subscribe]]></Event><EventKey><![CDATA[Array]]></EventKey></xml>
2015-12-05 12:06:41
<xml><ToUserName><![CDATA[gh_3bb47c7e2f9d]]></ToUserName><FromUserName><![CDATA[ocuxlxEkoyzYVxnVoj3Dc3AS5xgw]]></FromUserName><CreateTime>1449114830</CreateTime><MsgType><![CDATA[event]]></MsgType><Event><![CDATA[subscribe]]></Event><EventKey><![CDATA[Array]]></EventKey></xml>
2015-12-05 12:06:41
<xml><ToUserName><![CDATA[gh_3bb47c7e2f9d]]></ToUserName><FromUserName><![CDATA[ocuxlxEkoyzYVxnVoj3Dc3AS5xgw]]></FromUserName><CreateTime>1449114830</CreateTime><MsgType><![CDATA[event]]></MsgType><Event><![CDATA[subscribe]]></Event><EventKey><![CDATA[Array]]></EventKey></xml>
2015-12-05 12:06:45
<xml><ToUserName><![CDATA[gh_3bb47c7e2f9d]]></ToUserName><FromUserName><![CDATA[ocuxlxEkoyzYVxnVoj3Dc3AS5xgw]]></FromUserName><CreateTime>1449114830</CreateTime><MsgType><![CDATA[event]]></MsgType><Event><![CDATA[subscribe]]></Event><EventKey><![CDATA[Array]]></EventKey></xml>
2015-12-05 12:06:45
<xml><ToUserName><![CDATA[gh_3bb47c7e2f9d]]></ToUserName><FromUserName><![CDATA[ocuxlxEkoyzYVxnVoj3Dc3AS5xgw]]></FromUserName><CreateTime>1449114830</CreateTime><MsgType><![CDATA[event]]></MsgType><Event><![CDATA[subscribe]]></Event><EventKey><![CDATA[Array]]></EventKey></xml>
2015-12-05 12:08:17
<xml><ToUserName><![CDATA[gh_3bb47c7e2f9d]]></ToUserName><FromUserName><![CDATA[ocuxlxEkoyzYVxnVoj3Dc3AS5xgw]]></FromUserName><CreateTime>1449114830</CreateTime><MsgType><![CDATA[event]]></MsgType><Event><![CDATA[subscribe]]></Event><EventKey><![CDATA[Array]]></EventKey></xml>
2015-12-05 12:08:42
<xml><ToUserName><![CDATA[gh_3bb47c7e2f9d]]></ToUserName><FromUserName><![CDATA[ocuxlxEkoyzYVxnVoj3Dc3AS5xgw]]></FromUserName><CreateTime>1449114830</CreateTime><MsgType><![CDATA[event]]></MsgType><Event><![CDATA[subscribe]]></Event><EventKey><![CDATA[Array]]></EventKey></xml>
2015-12-05 12:13:18
<xml><ToUserName><![CDATA[gh_3bb47c7e2f9d]]></ToUserName><FromUserName><![CDATA[ocuxlxEkoyzYVxnVoj3Dc3AS5xgw]]></FromUserName><CreateTime>1449114830</CreateTime><MsgType><![CDATA[event]]></MsgType><Event><![CDATA[subscribe]]></Event><EventKey><![CDATA[Array]]></EventKey></xml>
2015-12-05 12:14:45
{"ToUserName":"gh_3bb47c7e2f9d","FromUserName":"ocuxlxEkoyzYVxnVoj3Dc3AS5xgw","CreateTime":"1449114830","MsgType":"event","Event":"subscribe","EventKey":[]}
2015-12-05 12:14:48
{"ToUserName":"gh_3bb47c7e2f9d","FromUserName":"ocuxlxEkoyzYVxnVoj3Dc3AS5xgw","CreateTime":"1449114830","MsgType":"event","Event":"subscribe","EventKey":[]}
2015-12-05 12:16:18
{"ToUserName":"gh_3bb47c7e2f9d","FromUserName":"ocuxlxEkoyzYVxnVoj3Dc3AS5xgw","CreateTime":"1449114830","MsgType":"event","Event":"subscribe","EventKey":[]}
2015-12-05 12:17:04
{"ToUserName":"gh_3bb47c7e2f9d","FromUserName":"ocuxlxEkoyzYVxnVoj3Dc3AS5xgw","CreateTime":"1449114830","MsgType":"event","Event":"subscribe","EventKey":[]}
2015-12-05 12:18:16
{"ToUserName":"gh_3bb47c7e2f9d","FromUserName":"ocuxlxEkoyzYVxnVoj3Dc3AS5xgw","CreateTime":"1449114830","MsgType":"event","Event":"subscribe","EventKey":[]}
2015-12-05 12:19:22
<xml><ToUserName><![CDATA[gh_3bb47c7e2f9d]]></ToUserName><FromUserName><![CDATA[ocuxlxEkoyzYVxnVoj3Dc3AS5xgw]]></FromUserName><CreateTime>1449114830</CreateTime><MsgType><![CDATA[event]]></MsgType><Event><![CDATA[subscribe]]></Event><EventKey><![CDATA[Array]]></EventKey></xml>
2015-12-05 12:20:00
<xml><ToUserName><![CDATA[gh_3bb47c7e2f9d]]></ToUserName><FromUserName><![CDATA[ocuxlxEkoyzYVxnVoj3Dc3AS5xgw]]></FromUserName><CreateTime>1449114830</CreateTime><MsgType><![CDATA[event]]></MsgType><Event><![CDATA[subscribe]]></Event><EventKey><![CDATA[Array]]></EventKey></xml>
2015-12-05 12:22:54
<xml><ToUserName><![CDATA[gh_3bb47c7e2f9d]]></ToUserName><FromUserName><![CDATA[ocuxlxEkoyzYVxnVoj3Dc3AS5xgw]]></FromUserName><CreateTime>1449114830</CreateTime><MsgType><![CDATA[event]]></MsgType><Event><![CDATA[subscribe]]></Event><EventKey><![CDATA[Array]]></EventKey></xml>
2015-12-05 12:26:11
<xml><ToUserName><![CDATA[gh_3bb47c7e2f9d]]></ToUserName><FromUserName><![CDATA[ocuxlxEkoyzYVxnVoj3Dc3AS5xgw]]></FromUserName><CreateTime>1449114830</CreateTime><MsgType><![CDATA[event]]></MsgType><Event><![CDATA[subscribe]]></Event><EventKey><![CDATA[Array]]></EventKey></xml>
2015-12-05 12:29:29
<xml><ToUserName><![CDATA[gh_3bb47c7e2f9d]]></ToUserName><FromUserName><![CDATA[ocuxlxBJkuCfH6ewSMkLp2_atZV0]]></FromUserName><CreateTime>1449131655</CreateTime><MsgType><![CDATA[event]]></MsgType><Event><![CDATA[subscribe]]></Event><EventKey><![CDATA[Array]]></EventKey></xml>
2015-12-05 12:29:31
<xml><ToUserName><![CDATA[gh_3bb47c7e2f9d]]></ToUserName><FromUserName><![CDATA[ocuxlxBJkuCfH6ewSMkLp2_atZV0]]></FromUserName><CreateTime>1449131655</CreateTime><MsgType><![CDATA[event]]></MsgType><Event><![CDATA[subscribe]]></Event><EventKey><![CDATA[Array]]></EventKey></xml>
2015-12-05 12:36:46
<xml><ToUserName><![CDATA[gh_3bb47c7e2f9d]]></ToUserName><FromUserName><![CDATA[ocuxlxMWj0MVkfFgHxaIUDThHM1o]]></FromUserName><CreateTime>1449290081</CreateTime><MsgType><![CDATA[event]]></MsgType><Event><![CDATA[subscribe]]></Event><EventKey><![CDATA[Array]]></EventKey></xml>
2015-12-05 12:42:55
<xml><ToUserName><![CDATA[gh_3bb47c7e2f9d]]></ToUserName><FromUserName><![CDATA[ocuxlxEkoyzYVxnVoj3Dc3AS5xgw]]></FromUserName><CreateTime>1449132930</CreateTime><MsgType><![CDATA[event]]></MsgType><Event><![CDATA[subscribe]]></Event><EventKey><![CDATA[qrscene_1]]></EventKey><Ticket><![CDATA[gQGn8DoAAAAAAAAAASxodHRwOi8vd2VpeGluLnFxLmNvbS9xL3B6OS1YbTdsaGVMOGRJWFR1QkcyAAIE2QJgVgMEgDoJAA==]]></Ticket></xml>
2015-12-05 12:44:45
<xml><ToUserName><![CDATA[gh_3bb47c7e2f9d]]></ToUserName><FromUserName><![CDATA[ocuxlxEkoyzYVxnVoj3Dc3AS5xgw]]></FromUserName><CreateTime>1449132930</CreateTime><MsgType><![CDATA[event]]></MsgType><Event><![CDATA[subscribe]]></Event><EventKey><![CDATA[qrscene_2]]></EventKey><Ticket><![CDATA[gQGn8DoAAAAAAAAAASxodHRwOi8vd2VpeGluLnFxLmNvbS9xL3B6OS1YbTdsaGVMOGRJWFR1QkcyAAIE2QJgVgMEgDoJAA==]]></Ticket></xml>
2015-12-05 12:50:03
<xml><ToUserName><![CDATA[gh_3bb47c7e2f9d]]></ToUserName><FromUserName><![CDATA[ocuxlxEkoyzYVxnVoj3Dc3AS5xgw]]></FromUserName><CreateTime>1449132930</CreateTime><MsgType><![CDATA[event]]></MsgType><Event><![CDATA[subscribe]]></Event><EventKey><![CDATA[qrscene_2]]></EventKey><Ticket><![CDATA[gQGn8DoAAAAAAAAAASxodHRwOi8vd2VpeGluLnFxLmNvbS9xL3B6OS1YbTdsaGVMOGRJWFR1QkcyAAIE2QJgVgMEgDoJAA==]]></Ticket></xml>
2015-12-05 12:58:28
<xml><ToUserName><![CDATA[gh_3bb47c7e2f9d]]></ToUserName><FromUserName><![CDATA[ocuxlxEkoyzYVxnVoj3Dc3AS5xgw]]></FromUserName><CreateTime>1449132930</CreateTime><MsgType><![CDATA[event]]></MsgType><Event><![CDATA[subscribe]]></Event><EventKey><![CDATA[qrscene_2]]></EventKey><Ticket><![CDATA[gQGn8DoAAAAAAAAAASxodHRwOi8vd2VpeGluLnFxLmNvbS9xL3B6OS1YbTdsaGVMOGRJWFR1QkcyAAIE2QJgVgMEgDoJAA==]]></Ticket></xml>
2015-12-05 12:59:22
<xml><ToUserName><![CDATA[gh_3bb47c7e2f9d]]></ToUserName><FromUserName><![CDATA[ocuxlxEkoyzYVxnVoj3Dc3AS5xgw]]></FromUserName><CreateTime>1449132930</CreateTime><MsgType><![CDATA[event]]></MsgType><Event><![CDATA[subscribe]]></Event><EventKey><![CDATA[qrscene_2]]></EventKey><Ticket><![CDATA[gQGn8DoAAAAAAAAAASxodHRwOi8vd2VpeGluLnFxLmNvbS9xL3B6OS1YbTdsaGVMOGRJWFR1QkcyAAIE2QJgVgMEgDoJAA==]]></Ticket></xml>
2015-12-05 12:59:23
<xml><ToUserName><![CDATA[gh_3bb47c7e2f9d]]></ToUserName><FromUserName><![CDATA[ocuxlxEkoyzYVxnVoj3Dc3AS5xgw]]></FromUserName><CreateTime>1449132930</CreateTime><MsgType><![CDATA[event]]></MsgType><Event><![CDATA[subscribe]]></Event><EventKey><![CDATA[qrscene_2]]></EventKey><Ticket><![CDATA[gQGn8DoAAAAAAAAAASxodHRwOi8vd2VpeGluLnFxLmNvbS9xL3B6OS1YbTdsaGVMOGRJWFR1QkcyAAIE2QJgVgMEgDoJAA==]]></Ticket></xml>
2015-12-05 12:59:23
<xml><ToUserName><![CDATA[gh_3bb47c7e2f9d]]></ToUserName><FromUserName><![CDATA[ocuxlxEkoyzYVxnVoj3Dc3AS5xgw]]></FromUserName><CreateTime>1449132930</CreateTime><MsgType><![CDATA[event]]></MsgType><Event><![CDATA[subscribe]]></Event><EventKey><![CDATA[qrscene_2]]></EventKey><Ticket><![CDATA[gQGn8DoAAAAAAAAAASxodHRwOi8vd2VpeGluLnFxLmNvbS9xL3B6OS1YbTdsaGVMOGRJWFR1QkcyAAIE2QJgVgMEgDoJAA==]]></Ticket></xml>
2015-12-05 12:59:23
<xml><ToUserName><![CDATA[gh_3bb47c7e2f9d]]></ToUserName><FromUserName><![CDATA[ocuxlxEkoyzYVxnVoj3Dc3AS5xgw]]></FromUserName><CreateTime>1449132930</CreateTime><MsgType><![CDATA[event]]></MsgType><Event><![CDATA[subscribe]]></Event><EventKey><![CDATA[qrscene_2]]></EventKey><Ticket><![CDATA[gQGn8DoAAAAAAAAAASxodHRwOi8vd2VpeGluLnFxLmNvbS9xL3B6OS1YbTdsaGVMOGRJWFR1QkcyAAIE2QJgVgMEgDoJAA==]]></Ticket></xml>
2015-12-05 12:59:24
<xml><ToUserName><![CDATA[gh_3bb47c7e2f9d]]></ToUserName><FromUserName><![CDATA[ocuxlxEkoyzYVxnVoj3Dc3AS5xgw]]></FromUserName><CreateTime>1449132930</CreateTime><MsgType><![CDATA[event]]></MsgType><Event><![CDATA[subscribe]]></Event><EventKey><![CDATA[qrscene_2]]></EventKey><Ticket><![CDATA[gQGn8DoAAAAAAAAAASxodHRwOi8vd2VpeGluLnFxLmNvbS9xL3B6OS1YbTdsaGVMOGRJWFR1QkcyAAIE2QJgVgMEgDoJAA==]]></Ticket></xml>
2015-12-05 13:05:05
<xml><ToUserName><![CDATA[gh_3bb47c7e2f9d]]></ToUserName><FromUserName><![CDATA[ocuxlxBJkuCfH6ewSMkLp2_atZV0]]></FromUserName><CreateTime>1449132930</CreateTime><MsgType><![CDATA[event]]></MsgType><Event><![CDATA[subscribe]]></Event><EventKey><![CDATA[qrscene_2]]></EventKey><Ticket><![CDATA[gQGn8DoAAAAAAAAAASxodHRwOi8vd2VpeGluLnFxLmNvbS9xL3B6OS1YbTdsaGVMOGRJWFR1QkcyAAIE2QJgVgMEgDoJAA==]]></Ticket></xml>
2015-12-05 13:37:49
<xml><ToUserName><![CDATA[gh_3bb47c7e2f9d]]></ToUserName><FromUserName><![CDATA[ocuxlxBJkuCfH6ewSMkLp2_atZV0]]></FromUserName><CreateTime>1449219135</CreateTime><MsgType><![CDATA[event]]></MsgType><Event><![CDATA[unsubscribe]]></Event><EventKey><![CDATA[Array]]></EventKey></xml>
2015-12-05 13:38:29
<xml><ToUserName><![CDATA[gh_3bb47c7e2f9d]]></ToUserName><FromUserName><![CDATA[ocuxlxBJkuCfH6ewSMkLp2_atZV0]]></FromUserName><CreateTime>1449219135</CreateTime><MsgType><![CDATA[event]]></MsgType><Event><![CDATA[unsubscribe]]></Event><EventKey><![CDATA[Array]]></EventKey></xml>
2015-12-05 13:39:23
<xml><ToUserName><![CDATA[gh_3bb47c7e2f9d]]></ToUserName><FromUserName><![CDATA[ocuxlxBJkuCfH6ewSMkLp2_atZV0]]></FromUserName><CreateTime>1449219135</CreateTime><MsgType><![CDATA[event]]></MsgType><Event><![CDATA[unsubscribe]]></Event><EventKey><![CDATA[Array]]></EventKey></xml>
2015-12-05 13:40:09
<xml><ToUserName><![CDATA[gh_3bb47c7e2f9d]]></ToUserName><FromUserName><![CDATA[ocuxlxBJkuCfH6ewSMkLp2_atZV0]]></FromUserName><CreateTime>1449219135</CreateTime><MsgType><![CDATA[event]]></MsgType><Event><![CDATA[unsubscribe]]></Event><EventKey><![CDATA[Array]]></EventKey></xml>
2015-12-05 13:52:33
<xml><ToUserName><![CDATA[gh_3bb47c7e2f9d]]></ToUserName><FromUserName><![CDATA[ocuxlxBJkuCfH6ewSMkLp2_atZV0]]></FromUserName><CreateTime>1449219135</CreateTime><MsgType><![CDATA[event]]></MsgType><Event><![CDATA[unsubscribe]]></Event><EventKey><![CDATA[Array]]></EventKey></xml>
2015-12-05 13:54:13
<xml><ToUserName><![CDATA[gh_3bb47c7e2f9d]]></ToUserName><FromUserName><![CDATA[ocuxlxBJkuCfH6ewSMkLp2_atZV0]]></FromUserName><CreateTime>1449219135</CreateTime><MsgType><![CDATA[event]]></MsgType><Event><![CDATA[unsubscribe]]></Event><EventKey><![CDATA[Array]]></EventKey></xml>
2015-12-05 13:54:14
<xml><ToUserName><![CDATA[gh_3bb47c7e2f9d]]></ToUserName><FromUserName><![CDATA[ocuxlxBJkuCfH6ewSMkLp2_atZV0]]></FromUserName><CreateTime>1449219135</CreateTime><MsgType><![CDATA[event]]></MsgType><Event><![CDATA[unsubscribe]]></Event><EventKey><![CDATA[Array]]></EventKey></xml>
2015-12-05 13:54:14
<xml><ToUserName><![CDATA[gh_3bb47c7e2f9d]]></ToUserName><FromUserName><![CDATA[ocuxlxBJkuCfH6ewSMkLp2_atZV0]]></FromUserName><CreateTime>1449219135</CreateTime><MsgType><![CDATA[event]]></MsgType><Event><![CDATA[unsubscribe]]></Event><EventKey><![CDATA[Array]]></EventKey></xml>
2015-12-05 13:54:14
<xml><ToUserName><![CDATA[gh_3bb47c7e2f9d]]></ToUserName><FromUserName><![CDATA[ocuxlxBJkuCfH6ewSMkLp2_atZV0]]></FromUserName><CreateTime>1449219135</CreateTime><MsgType><![CDATA[event]]></MsgType><Event><![CDATA[unsubscribe]]></Event><EventKey><![CDATA[Array]]></EventKey></xml>
2015-12-05 13:54:45
<xml><ToUserName><![CDATA[gh_3bb47c7e2f9d]]></ToUserName><FromUserName><![CDATA[ocuxlxBJkuCfH6ewSMkLp2_atZV0]]></FromUserName><CreateTime>1449219135</CreateTime><MsgType><![CDATA[event]]></MsgType><Event><![CDATA[unsubscribe]]></Event><EventKey><![CDATA[Array]]></EventKey></xml>
2015-12-05 13:56:17
<xml><ToUserName><![CDATA[gh_3bb47c7e2f9d]]></ToUserName><FromUserName><![CDATA[ocuxlxBJkuCfH6ewSMkLp2_atZV0]]></FromUserName><CreateTime>1449219135</CreateTime><MsgType><![CDATA[event]]></MsgType><Event><![CDATA[unsubscribe]]></Event><EventKey><![CDATA[Array]]></EventKey></xml>
2015-12-05 13:57:17
<xml><ToUserName><![CDATA[gh_3bb47c7e2f9d]]></ToUserName><FromUserName><![CDATA[ocuxlxBJkuCfH6ewSMkLp2_atZV0]]></FromUserName><CreateTime>1449219135</CreateTime><MsgType><![CDATA[event]]></MsgType><Event><![CDATA[unsubscribe]]></Event><EventKey><![CDATA[Array]]></EventKey></xml>
2015-12-05 13:57:38
<xml><ToUserName><![CDATA[gh_3bb47c7e2f9d]]></ToUserName><FromUserName><![CDATA[ocuxlxBJkuCfH6ewSMkLp2_atZV0]]></FromUserName><CreateTime>1449219135</CreateTime><MsgType><![CDATA[event]]></MsgType><Event><![CDATA[unsubscribe]]></Event><EventKey><![CDATA[Array]]></EventKey></xml>
2015-12-05 13:58:08
<xml><ToUserName><![CDATA[gh_3bb47c7e2f9d]]></ToUserName><FromUserName><![CDATA[ocuxlxBJkuCfH6ewSMkLp2_atZV0]]></FromUserName><CreateTime>1449219135</CreateTime><MsgType><![CDATA[event]]></MsgType><Event><![CDATA[unsubscribe]]></Event><EventKey><![CDATA[Array]]></EventKey></xml>
2015-12-05 13:58:54
<xml><ToUserName><![CDATA[gh_3bb47c7e2f9d]]></ToUserName><FromUserName><![CDATA[ocuxlxBJkuCfH6ewSMkLp2_atZV0]]></FromUserName><CreateTime>1449219135</CreateTime><MsgType><![CDATA[event]]></MsgType><Event><![CDATA[unsubscribe]]></Event><EventKey><![CDATA[Array]]></EventKey></xml>
2015-12-05 13:58:55
<xml><ToUserName><![CDATA[gh_3bb47c7e2f9d]]></ToUserName><FromUserName><![CDATA[ocuxlxBJkuCfH6ewSMkLp2_atZV0]]></FromUserName><CreateTime>1449219135</CreateTime><MsgType><![CDATA[event]]></MsgType><Event><![CDATA[unsubscribe]]></Event><EventKey><![CDATA[Array]]></EventKey></xml>
2015-12-05 13:58:56
<xml><ToUserName><![CDATA[gh_3bb47c7e2f9d]]></ToUserName><FromUserName><![CDATA[ocuxlxBJkuCfH6ewSMkLp2_atZV0]]></FromUserName><CreateTime>1449219135</CreateTime><MsgType><![CDATA[event]]></MsgType><Event><![CDATA[unsubscribe]]></Event><EventKey><![CDATA[Array]]></EventKey></xml>
2015-12-05 13:58:56
<xml><ToUserName><![CDATA[gh_3bb47c7e2f9d]]></ToUserName><FromUserName><![CDATA[ocuxlxBJkuCfH6ewSMkLp2_atZV0]]></FromUserName><CreateTime>1449219135</CreateTime><MsgType><![CDATA[event]]></MsgType><Event><![CDATA[unsubscribe]]></Event><EventKey><![CDATA[Array]]></EventKey></xml>
2015-12-05 13:59:12
<xml><ToUserName><![CDATA[gh_3bb47c7e2f9d]]></ToUserName><FromUserName><![CDATA[ocuxlxBJkuCfH6ewSMkLp2_atZV0]]></FromUserName><CreateTime>1449219135</CreateTime><MsgType><![CDATA[event]]></MsgType><Event><![CDATA[unsubscribe]]></Event><EventKey><![CDATA[Array]]></EventKey></xml>
2015-12-05 13:59:12
<xml><ToUserName><![CDATA[gh_3bb47c7e2f9d]]></ToUserName><FromUserName><![CDATA[ocuxlxBJkuCfH6ewSMkLp2_atZV0]]></FromUserName><CreateTime>1449219135</CreateTime><MsgType><![CDATA[event]]></MsgType><Event><![CDATA[unsubscribe]]></Event><EventKey><![CDATA[Array]]></EventKey></xml>
2015-12-05 13:59:13
<xml><ToUserName><![CDATA[gh_3bb47c7e2f9d]]></ToUserName><FromUserName><![CDATA[ocuxlxBJkuCfH6ewSMkLp2_atZV0]]></FromUserName><CreateTime>1449219135</CreateTime><MsgType><![CDATA[event]]></MsgType><Event><![CDATA[unsubscribe]]></Event><EventKey><![CDATA[Array]]></EventKey></xml>
2015-12-05 13:59:13
<xml><ToUserName><![CDATA[gh_3bb47c7e2f9d]]></ToUserName><FromUserName><![CDATA[ocuxlxBJkuCfH6ewSMkLp2_atZV0]]></FromUserName><CreateTime>1449219135</CreateTime><MsgType><![CDATA[event]]></MsgType><Event><![CDATA[unsubscribe]]></Event><EventKey><![CDATA[Array]]></EventKey></xml>
2015-12-05 13:59:13
<xml><ToUserName><![CDATA[gh_3bb47c7e2f9d]]></ToUserName><FromUserName><![CDATA[ocuxlxBJkuCfH6ewSMkLp2_atZV0]]></FromUserName><CreateTime>1449219135</CreateTime><MsgType><![CDATA[event]]></MsgType><Event><![CDATA[unsubscribe]]></Event><EventKey><![CDATA[Array]]></EventKey></xml>
2015-12-05 13:59:40
<xml><ToUserName><![CDATA[gh_3bb47c7e2f9d]]></ToUserName><FromUserName><![CDATA[ocuxlxBJkuCfH6ewSMkLp2_atZV0]]></FromUserName><CreateTime>1449219135</CreateTime><MsgType><![CDATA[event]]></MsgType><Event><![CDATA[unsubscribe]]></Event><EventKey><![CDATA[Array]]></EventKey></xml>
2015-12-05 14:01:00
<xml><ToUserName><![CDATA[gh_3bb47c7e2f9d]]></ToUserName><FromUserName><![CDATA[ocuxlxBJkuCfH6ewSMkLp2_atZV0]]></FromUserName><CreateTime>1449219135</CreateTime><MsgType><![CDATA[event]]></MsgType><Event><![CDATA[unsubscribe]]></Event><EventKey><![CDATA[Array]]></EventKey></xml>
2015-12-05 14:13:20
<xml><ToUserName><![CDATA[gh_3bb47c7e2f9d]]></ToUserName><FromUserName><![CDATA[ocuxlxBJkuCfH6ewSMkLp2_atZV0]]></FromUserName><CreateTime>1449132930</CreateTime><MsgType><![CDATA[event]]></MsgType><Event><![CDATA[subscribe]]></Event><EventKey><![CDATA[qrscene_2]]></EventKey><Ticket><![CDATA[gQGn8DoAAAAAAAAAASxodHRwOi8vd2VpeGluLnFxLmNvbS9xL3B6OS1YbTdsaGVMOGRJWFR1QkcyAAIE2QJgVgMEgDoJAA==]]></Ticket></xml>
2015-12-05 14:15:12
<xml><ToUserName><![CDATA[gh_3bb47c7e2f9d]]></ToUserName><FromUserName><![CDATA[ocuxlxBJkuCfH6ewSMkLp2_atZV0]]></FromUserName><CreateTime>1449132930</CreateTime><MsgType><![CDATA[event]]></MsgType><Event><![CDATA[subscribe]]></Event><EventKey><![CDATA[qrscene_2]]></EventKey><Ticket><![CDATA[gQGn8DoAAAAAAAAAASxodHRwOi8vd2VpeGluLnFxLmNvbS9xL3B6OS1YbTdsaGVMOGRJWFR1QkcyAAIE2QJgVgMEgDoJAA==]]></Ticket></xml>
2015-12-05 14:16:53
<xml><ToUserName><![CDATA[gh_3bb47c7e2f9d]]></ToUserName><FromUserName><![CDATA[ocuxlxBJkuCfH6ewSMkLp2_atZV0]]></FromUserName><CreateTime>1449132930</CreateTime><MsgType><![CDATA[event]]></MsgType><Event><![CDATA[subscribe]]></Event><EventKey><![CDATA[qrscene_2]]></EventKey><Ticket><![CDATA[gQGn8DoAAAAAAAAAASxodHRwOi8vd2VpeGluLnFxLmNvbS9xL3B6OS1YbTdsaGVMOGRJWFR1QkcyAAIE2QJgVgMEgDoJAA==]]></Ticket></xml>
2015-12-05 14:17:10
<xml><ToUserName><![CDATA[gh_3bb47c7e2f9d]]></ToUserName><FromUserName><![CDATA[ocuxlxBJkuCfH6ewSMkLp2_atZV0]]></FromUserName><CreateTime>1449132930</CreateTime><MsgType><![CDATA[event]]></MsgType><Event><![CDATA[subscribe]]></Event><EventKey><![CDATA[qrscene_2]]></EventKey><Ticket><![CDATA[gQGn8DoAAAAAAAAAASxodHRwOi8vd2VpeGluLnFxLmNvbS9xL3B6OS1YbTdsaGVMOGRJWFR1QkcyAAIE2QJgVgMEgDoJAA==]]></Ticket></xml>
2015-12-05 14:17:10
<xml><ToUserName><![CDATA[gh_3bb47c7e2f9d]]></ToUserName><FromUserName><![CDATA[ocuxlxBJkuCfH6ewSMkLp2_atZV0]]></FromUserName><CreateTime>1449132930</CreateTime><MsgType><![CDATA[event]]></MsgType><Event><![CDATA[subscribe]]></Event><EventKey><![CDATA[qrscene_2]]></EventKey><Ticket><![CDATA[gQGn8DoAAAAAAAAAASxodHRwOi8vd2VpeGluLnFxLmNvbS9xL3B6OS1YbTdsaGVMOGRJWFR1QkcyAAIE2QJgVgMEgDoJAA==]]></Ticket></xml>
2015-12-05 14:17:10
<xml><ToUserName><![CDATA[gh_3bb47c7e2f9d]]></ToUserName><FromUserName><![CDATA[ocuxlxBJkuCfH6ewSMkLp2_atZV0]]></FromUserName><CreateTime>1449132930</CreateTime><MsgType><![CDATA[event]]></MsgType><Event><![CDATA[subscribe]]></Event><EventKey><![CDATA[qrscene_2]]></EventKey><Ticket><![CDATA[gQGn8DoAAAAAAAAAASxodHRwOi8vd2VpeGluLnFxLmNvbS9xL3B6OS1YbTdsaGVMOGRJWFR1QkcyAAIE2QJgVgMEgDoJAA==]]></Ticket></xml>
2015-12-05 14:19:47
<xml><ToUserName><![CDATA[gh_3bb47c7e2f9d]]></ToUserName><FromUserName><![CDATA[ocuxlxMWj0MVkfFgHxaIUDThHM1o]]></FromUserName><CreateTime>1449290081</CreateTime><MsgType><![CDATA[event]]></MsgType><Event><![CDATA[subscribe]]></Event><EventKey><![CDATA[Array]]></EventKey></xml>
2015-12-05 14:20:58
<xml><ToUserName><![CDATA[gh_3bb47c7e2f9d]]></ToUserName><FromUserName><![CDATA[ocuxlxMWj0MVkfFgHxaIUDThHM1o]]></FromUserName><CreateTime>1449290081</CreateTime><MsgType><![CDATA[event]]></MsgType><Event><![CDATA[subscribe]]></Event><EventKey><![CDATA[Array]]></EventKey></xml>
2015-12-05 14:22:59
<xml><ToUserName><![CDATA[gh_3bb47c7e2f9d]]></ToUserName><FromUserName><![CDATA[ocuxlxMWj0MVkfFgHxaIUDThHM1o]]></FromUserName><CreateTime>1449290081</CreateTime><MsgType><![CDATA[event]]></MsgType><Event><![CDATA[subscribe]]></Event><EventKey><![CDATA[Array]]></EventKey></xml>
2015-12-05 14:23:00
<xml><ToUserName><![CDATA[gh_3bb47c7e2f9d]]></ToUserName><FromUserName><![CDATA[ocuxlxMWj0MVkfFgHxaIUDThHM1o]]></FromUserName><CreateTime>1449290081</CreateTime><MsgType><![CDATA[event]]></MsgType><Event><![CDATA[subscribe]]></Event><EventKey><![CDATA[Array]]></EventKey></xml>
2015-12-05 14:23:53
<xml><ToUserName><![CDATA[gh_3bb47c7e2f9d]]></ToUserName><FromUserName><![CDATA[ocuxlxEkoyzYVxnVoj3Dc3AS5xgw]]></FromUserName><CreateTime>1449132930</CreateTime><MsgType><![CDATA[event]]></MsgType><Event><![CDATA[subscribe]]></Event><EventKey><![CDATA[qrscene_2]]></EventKey><Ticket><![CDATA[gQGn8DoAAAAAAAAAASxodHRwOi8vd2VpeGluLnFxLmNvbS9xL3B6OS1YbTdsaGVMOGRJWFR1QkcyAAIE2QJgVgMEgDoJAA==]]></Ticket></xml>
2015-12-05 14:24:10
<xml><ToUserName><![CDATA[gh_3bb47c7e2f9d]]></ToUserName><FromUserName><![CDATA[ocuxlxEkoyzYVxnVoj3Dc3AS5xgw]]></FromUserName><CreateTime>1449132930</CreateTime><MsgType><![CDATA[event]]></MsgType><Event><![CDATA[subscribe]]></Event><EventKey><![CDATA[qrscene_2]]></EventKey><Ticket><![CDATA[gQGn8DoAAAAAAAAAASxodHRwOi8vd2VpeGluLnFxLmNvbS9xL3B6OS1YbTdsaGVMOGRJWFR1QkcyAAIE2QJgVgMEgDoJAA==]]></Ticket></xml>
2015-12-05 14:24:11
<xml><ToUserName><![CDATA[gh_3bb47c7e2f9d]]></ToUserName><FromUserName><![CDATA[ocuxlxEkoyzYVxnVoj3Dc3AS5xgw]]></FromUserName><CreateTime>1449132930</CreateTime><MsgType><![CDATA[event]]></MsgType><Event><![CDATA[subscribe]]></Event><EventKey><![CDATA[qrscene_2]]></EventKey><Ticket><![CDATA[gQGn8DoAAAAAAAAAASxodHRwOi8vd2VpeGluLnFxLmNvbS9xL3B6OS1YbTdsaGVMOGRJWFR1QkcyAAIE2QJgVgMEgDoJAA==]]></Ticket></xml>
2015-12-05 14:25:29
<xml><ToUserName><![CDATA[gh_3bb47c7e2f9d]]></ToUserName><FromUserName><![CDATA[ocuxlxEkoyzYVxnVoj3Dc3AS5xgw]]></FromUserName><CreateTime>1449132930</CreateTime><MsgType><![CDATA[event]]></MsgType><Event><![CDATA[subscribe]]></Event><EventKey><![CDATA[qrscene_2]]></EventKey><Ticket><![CDATA[gQGn8DoAAAAAAAAAASxodHRwOi8vd2VpeGluLnFxLmNvbS9xL3B6OS1YbTdsaGVMOGRJWFR1QkcyAAIE2QJgVgMEgDoJAA==]]></Ticket></xml>
2015-12-05 14:25:30
<xml><ToUserName><![CDATA[gh_3bb47c7e2f9d]]></ToUserName><FromUserName><![CDATA[ocuxlxEkoyzYVxnVoj3Dc3AS5xgw]]></FromUserName><CreateTime>1449132930</CreateTime><MsgType><![CDATA[event]]></MsgType><Event><![CDATA[subscribe]]></Event><EventKey><![CDATA[qrscene_2]]></EventKey><Ticket><![CDATA[gQGn8DoAAAAAAAAAASxodHRwOi8vd2VpeGluLnFxLmNvbS9xL3B6OS1YbTdsaGVMOGRJWFR1QkcyAAIE2QJgVgMEgDoJAA==]]></Ticket></xml>
2015-12-05 14:25:54
<xml><ToUserName><![CDATA[gh_3bb47c7e2f9d]]></ToUserName><FromUserName><![CDATA[ocuxlxEkoyzYVxnVoj3Dc3AS5xgw]]></FromUserName><CreateTime>1449132930</CreateTime><MsgType><![CDATA[event]]></MsgType><Event><![CDATA[subscribe]]></Event><EventKey><![CDATA[qrscene_2]]></EventKey><Ticket><![CDATA[gQGn8DoAAAAAAAAAASxodHRwOi8vd2VpeGluLnFxLmNvbS9xL3B6OS1YbTdsaGVMOGRJWFR1QkcyAAIE2QJgVgMEgDoJAA==]]></Ticket></xml>
2015-12-05 14:25:59
<xml><ToUserName><![CDATA[gh_3bb47c7e2f9d]]></ToUserName><FromUserName><![CDATA[ocuxlxEkoyzYVxnVoj3Dc3AS5xgw]]></FromUserName><CreateTime>1449132930</CreateTime><MsgType><![CDATA[event]]></MsgType><Event><![CDATA[subscribe]]></Event><EventKey><![CDATA[qrscene_2]]></EventKey><Ticket><![CDATA[gQGn8DoAAAAAAAAAASxodHRwOi8vd2VpeGluLnFxLmNvbS9xL3B6OS1YbTdsaGVMOGRJWFR1QkcyAAIE2QJgVgMEgDoJAA==]]></Ticket></xml>
2015-12-05 14:33:00
<xml><ToUserName><![CDATA[gh_3bb47c7e2f9d]]></ToUserName><FromUserName><![CDATA[ocuxlxEkoyzYVxnVoj3Dc3AS5xgw]]></FromUserName><CreateTime>1449132930</CreateTime><MsgType><![CDATA[event]]></MsgType><Event><![CDATA[subscribe]]></Event><EventKey><![CDATA[qrscene_2]]></EventKey><Ticket><![CDATA[gQGn8DoAAAAAAAAAASxodHRwOi8vd2VpeGluLnFxLmNvbS9xL3B6OS1YbTdsaGVMOGRJWFR1QkcyAAIE2QJgVgMEgDoJAA==]]></Ticket></xml>
2015-12-05 14:33:44
<xml><ToUserName><![CDATA[gh_3bb47c7e2f9d]]></ToUserName><FromUserName><![CDATA[ocuxlxEkoyzYVxnVoj3Dc3AS5xgw]]></FromUserName><CreateTime>1449132930</CreateTime><MsgType><![CDATA[event]]></MsgType><Event><![CDATA[subscribe]]></Event><EventKey><![CDATA[qrscene_2]]></EventKey><Ticket><![CDATA[gQGn8DoAAAAAAAAAASxodHRwOi8vd2VpeGluLnFxLmNvbS9xL3B6OS1YbTdsaGVMOGRJWFR1QkcyAAIE2QJgVgMEgDoJAA==]]></Ticket></xml>
2015-12-05 14:33:45
<xml><ToUserName><![CDATA[gh_3bb47c7e2f9d]]></ToUserName><FromUserName><![CDATA[ocuxlxEkoyzYVxnVoj3Dc3AS5xgw]]></FromUserName><CreateTime>1449132930</CreateTime><MsgType><![CDATA[event]]></MsgType><Event><![CDATA[subscribe]]></Event><EventKey><![CDATA[qrscene_2]]></EventKey><Ticket><![CDATA[gQGn8DoAAAAAAAAAASxodHRwOi8vd2VpeGluLnFxLmNvbS9xL3B6OS1YbTdsaGVMOGRJWFR1QkcyAAIE2QJgVgMEgDoJAA==]]></Ticket></xml>
2015-12-05 14:34:46
<xml><ToUserName><![CDATA[gh_3bb47c7e2f9d]]></ToUserName><FromUserName><![CDATA[ocuxlxEkoyzYVxnVoj3Dc3AS5xgw]]></FromUserName><CreateTime>1449132930</CreateTime><MsgType><![CDATA[event]]></MsgType><Event><![CDATA[subscribe]]></Event><EventKey><![CDATA[qrscene_2]]></EventKey><Ticket><![CDATA[gQGn8DoAAAAAAAAAASxodHRwOi8vd2VpeGluLnFxLmNvbS9xL3B6OS1YbTdsaGVMOGRJWFR1QkcyAAIE2QJgVgMEgDoJAA==]]></Ticket></xml>
2015-12-05 14:35:13
<xml><ToUserName><![CDATA[gh_3bb47c7e2f9d]]></ToUserName><FromUserName><![CDATA[ocuxlxEkoyzYVxnVoj3Dc3AS5xgw]]></FromUserName><CreateTime>1449132930</CreateTime><MsgType><![CDATA[event]]></MsgType><Event><![CDATA[subscribe]]></Event><EventKey><![CDATA[qrscene_2]]></EventKey><Ticket><![CDATA[gQGn8DoAAAAAAAAAASxodHRwOi8vd2VpeGluLnFxLmNvbS9xL3B6OS1YbTdsaGVMOGRJWFR1QkcyAAIE2QJgVgMEgDoJAA==]]></Ticket></xml>
2015-12-05 14:35:32
<xml><ToUserName><![CDATA[gh_3bb47c7e2f9d]]></ToUserName><FromUserName><![CDATA[ocuxlxEkoyzYVxnVoj3Dc3AS5xgw]]></FromUserName><CreateTime>1449132930</CreateTime><MsgType><![CDATA[event]]></MsgType><Event><![CDATA[subscribe]]></Event><EventKey><![CDATA[qrscene_2]]></EventKey><Ticket><![CDATA[gQGn8DoAAAAAAAAAASxodHRwOi8vd2VpeGluLnFxLmNvbS9xL3B6OS1YbTdsaGVMOGRJWFR1QkcyAAIE2QJgVgMEgDoJAA==]]></Ticket></xml>
2015-12-05 14:35:32
<xml><ToUserName><![CDATA[gh_3bb47c7e2f9d]]></ToUserName><FromUserName><![CDATA[ocuxlxEkoyzYVxnVoj3Dc3AS5xgw]]></FromUserName><CreateTime>1449132930</CreateTime><MsgType><![CDATA[event]]></MsgType><Event><![CDATA[subscribe]]></Event><EventKey><![CDATA[qrscene_2]]></EventKey><Ticket><![CDATA[gQGn8DoAAAAAAAAAASxodHRwOi8vd2VpeGluLnFxLmNvbS9xL3B6OS1YbTdsaGVMOGRJWFR1QkcyAAIE2QJgVgMEgDoJAA==]]></Ticket></xml>
2015-12-05 14:35:33
<xml><ToUserName><![CDATA[gh_3bb47c7e2f9d]]></ToUserName><FromUserName><![CDATA[ocuxlxEkoyzYVxnVoj3Dc3AS5xgw]]></FromUserName><CreateTime>1449132930</CreateTime><MsgType><![CDATA[event]]></MsgType><Event><![CDATA[subscribe]]></Event><EventKey><![CDATA[qrscene_2]]></EventKey><Ticket><![CDATA[gQGn8DoAAAAAAAAAASxodHRwOi8vd2VpeGluLnFxLmNvbS9xL3B6OS1YbTdsaGVMOGRJWFR1QkcyAAIE2QJgVgMEgDoJAA==]]></Ticket></xml>
2015-12-05 14:40:08
<xml><ToUserName><![CDATA[gh_3bb47c7e2f9d]]></ToUserName><FromUserName><![CDATA[ocuxlxEkoyzYVxnVoj3Dc3AS5xgw]]></FromUserName><CreateTime>1449132930</CreateTime><MsgType><![CDATA[event]]></MsgType><Event><![CDATA[subscribe]]></Event><EventKey><![CDATA[qrscene_2]]></EventKey><Ticket><![CDATA[gQGn8DoAAAAAAAAAASxodHRwOi8vd2VpeGluLnFxLmNvbS9xL3B6OS1YbTdsaGVMOGRJWFR1QkcyAAIE2QJgVgMEgDoJAA==]]></Ticket></xml>
2015-12-05 14:40:23
<xml><ToUserName><![CDATA[gh_3bb47c7e2f9d]]></ToUserName><FromUserName><![CDATA[ocuxlxEkoyzYVxnVoj3Dc3AS5xgw]]></FromUserName><CreateTime>1449132930</CreateTime><MsgType><![CDATA[event]]></MsgType><Event><![CDATA[subscribe]]></Event><EventKey><![CDATA[qrscene_2]]></EventKey><Ticket><![CDATA[gQGn8DoAAAAAAAAAASxodHRwOi8vd2VpeGluLnFxLmNvbS9xL3B6OS1YbTdsaGVMOGRJWFR1QkcyAAIE2QJgVgMEgDoJAA==]]></Ticket></xml>
2015-12-05 14:42:12
<xml><ToUserName><![CDATA[gh_3bb47c7e2f9d]]></ToUserName><FromUserName><![CDATA[ocuxlxEkoyzYVxnVoj3Dc3AS5xgw]]></FromUserName><CreateTime>1449132930</CreateTime><MsgType><![CDATA[event]]></MsgType><Event><![CDATA[subscribe]]></Event><EventKey><![CDATA[qrscene_2]]></EventKey><Ticket><![CDATA[gQGn8DoAAAAAAAAAASxodHRwOi8vd2VpeGluLnFxLmNvbS9xL3B6OS1YbTdsaGVMOGRJWFR1QkcyAAIE2QJgVgMEgDoJAA==]]></Ticket></xml>
2015-12-05 14:42:13
<xml><ToUserName><![CDATA[gh_3bb47c7e2f9d]]></ToUserName><FromUserName><![CDATA[ocuxlxEkoyzYVxnVoj3Dc3AS5xgw]]></FromUserName><CreateTime>1449132930</CreateTime><MsgType><![CDATA[event]]></MsgType><Event><![CDATA[subscribe]]></Event><EventKey><![CDATA[qrscene_2]]></EventKey><Ticket><![CDATA[gQGn8DoAAAAAAAAAASxodHRwOi8vd2VpeGluLnFxLmNvbS9xL3B6OS1YbTdsaGVMOGRJWFR1QkcyAAIE2QJgVgMEgDoJAA==]]></Ticket></xml>
2015-12-05 14:42:33
<xml><ToUserName><![CDATA[gh_3bb47c7e2f9d]]></ToUserName><FromUserName><![CDATA[ocuxlxEkoyzYVxnVoj3Dc3AS5xgw]]></FromUserName><CreateTime>1449132930</CreateTime><MsgType><![CDATA[event]]></MsgType><Event><![CDATA[subscribe]]></Event><EventKey><![CDATA[qrscene_2]]></EventKey><Ticket><![CDATA[gQGn8DoAAAAAAAAAASxodHRwOi8vd2VpeGluLnFxLmNvbS9xL3B6OS1YbTdsaGVMOGRJWFR1QkcyAAIE2QJgVgMEgDoJAA==]]></Ticket></xml>
2015-12-05 14:42:34
<xml><ToUserName><![CDATA[gh_3bb47c7e2f9d]]></ToUserName><FromUserName><![CDATA[ocuxlxEkoyzYVxnVoj3Dc3AS5xgw]]></FromUserName><CreateTime>1449132930</CreateTime><MsgType><![CDATA[event]]></MsgType><Event><![CDATA[subscribe]]></Event><EventKey><![CDATA[qrscene_2]]></EventKey><Ticket><![CDATA[gQGn8DoAAAAAAAAAASxodHRwOi8vd2VpeGluLnFxLmNvbS9xL3B6OS1YbTdsaGVMOGRJWFR1QkcyAAIE2QJgVgMEgDoJAA==]]></Ticket></xml>
2015-12-05 14:42:34
<xml><ToUserName><![CDATA[gh_3bb47c7e2f9d]]></ToUserName><FromUserName><![CDATA[ocuxlxEkoyzYVxnVoj3Dc3AS5xgw]]></FromUserName><CreateTime>1449132930</CreateTime><MsgType><![CDATA[event]]></MsgType><Event><![CDATA[subscribe]]></Event><EventKey><![CDATA[qrscene_2]]></EventKey><Ticket><![CDATA[gQGn8DoAAAAAAAAAASxodHRwOi8vd2VpeGluLnFxLmNvbS9xL3B6OS1YbTdsaGVMOGRJWFR1QkcyAAIE2QJgVgMEgDoJAA==]]></Ticket></xml>
2015-12-05 14:42:43
<xml><ToUserName><![CDATA[gh_3bb47c7e2f9d]]></ToUserName><FromUserName><![CDATA[ocuxlxEkoyzYVxnVoj3Dc3AS5xgw]]></FromUserName><CreateTime>1449132930</CreateTime><MsgType><![CDATA[event]]></MsgType><Event><![CDATA[subscribe]]></Event><EventKey><![CDATA[qrscene_2]]></EventKey><Ticket><![CDATA[gQGn8DoAAAAAAAAAASxodHRwOi8vd2VpeGluLnFxLmNvbS9xL3B6OS1YbTdsaGVMOGRJWFR1QkcyAAIE2QJgVgMEgDoJAA==]]></Ticket></xml>
2015-12-05 14:42:45
<xml><ToUserName><![CDATA[gh_3bb47c7e2f9d]]></ToUserName><FromUserName><![CDATA[ocuxlxEkoyzYVxnVoj3Dc3AS5xgw]]></FromUserName><CreateTime>1449132930</CreateTime><MsgType><![CDATA[event]]></MsgType><Event><![CDATA[subscribe]]></Event><EventKey><![CDATA[qrscene_2]]></EventKey><Ticket><![CDATA[gQGn8DoAAAAAAAAAASxodHRwOi8vd2VpeGluLnFxLmNvbS9xL3B6OS1YbTdsaGVMOGRJWFR1QkcyAAIE2QJgVgMEgDoJAA==]]></Ticket></xml>
2015-12-05 14:42:46
<xml><ToUserName><![CDATA[gh_3bb47c7e2f9d]]></ToUserName><FromUserName><![CDATA[ocuxlxEkoyzYVxnVoj3Dc3AS5xgw]]></FromUserName><CreateTime>1449132930</CreateTime><MsgType><![CDATA[event]]></MsgType><Event><![CDATA[subscribe]]></Event><EventKey><![CDATA[qrscene_2]]></EventKey><Ticket><![CDATA[gQGn8DoAAAAAAAAAASxodHRwOi8vd2VpeGluLnFxLmNvbS9xL3B6OS1YbTdsaGVMOGRJWFR1QkcyAAIE2QJgVgMEgDoJAA==]]></Ticket></xml>
2015-12-05 14:43:48
<xml><ToUserName><![CDATA[gh_3bb47c7e2f9d]]></ToUserName><FromUserName><![CDATA[ocuxlxBJkuCfH6ewSMkLp2_atZV0]]></FromUserName><CreateTime>1449132930</CreateTime><MsgType><![CDATA[event]]></MsgType><Event><![CDATA[subscribe]]></Event><EventKey><![CDATA[qrscene_2]]></EventKey><Ticket><![CDATA[gQGn8DoAAAAAAAAAASxodHRwOi8vd2VpeGluLnFxLmNvbS9xL3B6OS1YbTdsaGVMOGRJWFR1QkcyAAIE2QJgVgMEgDoJAA==]]></Ticket></xml>
2015-12-05 14:44:15
<xml><ToUserName><![CDATA[gh_3bb47c7e2f9d]]></ToUserName><FromUserName><![CDATA[ocuxlxBJkuCfH6ewSMkLp2_atZV0]]></FromUserName><CreateTime>1449132930</CreateTime><MsgType><![CDATA[event]]></MsgType><Event><![CDATA[subscribe]]></Event><EventKey><![CDATA[qrscene_2]]></EventKey><Ticket><![CDATA[gQGn8DoAAAAAAAAAASxodHRwOi8vd2VpeGluLnFxLmNvbS9xL3B6OS1YbTdsaGVMOGRJWFR1QkcyAAIE2QJgVgMEgDoJAA==]]></Ticket></xml>
2015-12-05 14:44:16
<xml><ToUserName><![CDATA[gh_3bb47c7e2f9d]]></ToUserName><FromUserName><![CDATA[ocuxlxBJkuCfH6ewSMkLp2_atZV0]]></FromUserName><CreateTime>1449132930</CreateTime><MsgType><![CDATA[event]]></MsgType><Event><![CDATA[subscribe]]></Event><EventKey><![CDATA[qrscene_2]]></EventKey><Ticket><![CDATA[gQGn8DoAAAAAAAAAASxodHRwOi8vd2VpeGluLnFxLmNvbS9xL3B6OS1YbTdsaGVMOGRJWFR1QkcyAAIE2QJgVgMEgDoJAA==]]></Ticket></xml>
2015-12-05 14:44:17
<xml><ToUserName><![CDATA[gh_3bb47c7e2f9d]]></ToUserName><FromUserName><![CDATA[ocuxlxBJkuCfH6ewSMkLp2_atZV0]]></FromUserName><CreateTime>1449132930</CreateTime><MsgType><![CDATA[event]]></MsgType><Event><![CDATA[subscribe]]></Event><EventKey><![CDATA[qrscene_2]]></EventKey><Ticket><![CDATA[gQGn8DoAAAAAAAAAASxodHRwOi8vd2VpeGluLnFxLmNvbS9xL3B6OS1YbTdsaGVMOGRJWFR1QkcyAAIE2QJgVgMEgDoJAA==]]></Ticket></xml>
2015-12-05 14:45:29
<xml><ToUserName><![CDATA[gh_3bb47c7e2f9d]]></ToUserName><FromUserName><![CDATA[ocuxlxBJkuCfH6ewSMkLp2_atZV0]]></FromUserName><CreateTime>1449219135</CreateTime><MsgType><![CDATA[event]]></MsgType><Event><![CDATA[unsubscribe]]></Event><EventKey><![CDATA[Array]]></EventKey></xml>
2015-12-05 14:48:35
<xml><ToUserName><![CDATA[gh_3bb47c7e2f9d]]></ToUserName><FromUserName><![CDATA[ocuxlxBJkuCfH6ewSMkLp2_atZV0]]></FromUserName><CreateTime>1449219135</CreateTime><MsgType><![CDATA[event]]></MsgType><Event><![CDATA[unsubscribe]]></Event><EventKey><![CDATA[Array]]></EventKey></xml>
2015-12-05 14:48:38
<xml><ToUserName><![CDATA[gh_3bb47c7e2f9d]]></ToUserName><FromUserName><![CDATA[ocuxlxBJkuCfH6ewSMkLp2_atZV0]]></FromUserName><CreateTime>1449219135</CreateTime><MsgType><![CDATA[event]]></MsgType><Event><![CDATA[unsubscribe]]></Event><EventKey><![CDATA[Array]]></EventKey></xml>
2015-12-05 14:48:42
<xml><ToUserName><![CDATA[gh_3bb47c7e2f9d]]></ToUserName><FromUserName><![CDATA[ocuxlxBJkuCfH6ewSMkLp2_atZV0]]></FromUserName><CreateTime>1449219135</CreateTime><MsgType><![CDATA[event]]></MsgType><Event><![CDATA[unsubscribe]]></Event><EventKey><![CDATA[Array]]></EventKey></xml>
